[2.116s] Invoking command in '/home/jedld/ros2_foxy/src/raspbot_ros2/build/raspbot_hw': PYTHONPATH=/home/jedld/ros2_foxy/src/raspbot_ros2/build/raspbot_hw/prefix_override:/usr/lib/python3/dist-packages/colcon_core/task/python/colcon_distutils_commands:/home/jedld/ros2_foxy/src/raspbot_ros2/install/raspbot_hw/lib/python3.12/site-packages:${PYTHONPATH} /usr/bin/python3 -W ignore:setup.py install is deprecated -W ignore:easy_install command is deprecated setup.py develop --editable --build-directory /home/jedld/ros2_foxy/src/raspbot_ros2/build/raspbot_hw/build --no-deps symlink_data
[2.807s] running develop
[3.146s] running egg_info
[3.179s] writing raspbot_hw.egg-info/PKG-INFO
[3.179s] writing dependency_links to raspbot_hw.egg-info/dependency_links.txt
[3.181s] writing entry points to raspbot_hw.egg-info/entry_points.txt
[3.182s] writing requirements to raspbot_hw.egg-info/requires.txt
[3.183s] writing top-level names to raspbot_hw.egg-info/top_level.txt
[3.254s] reading manifest file 'raspbot_hw.egg-info/SOURCES.txt'
[3.255s] writing manifest file 'raspbot_hw.egg-info/SOURCES.txt'
[3.294s] running build_ext
[3.294s] Creating /home/jedld/ros2_foxy/src/raspbot_ros2/install/raspbot_hw/lib/python3.12/site-packages/raspbot-hw.egg-link (link to .)
[3.295s] Installing camera_gimbal script to /home/jedld/ros2_foxy/src/raspbot_ros2/install/raspbot_hw/lib/raspbot_hw
[3.295s] Installing gpio_sensors script to /home/jedld/ros2_foxy/src/raspbot_ros2/install/raspbot_hw/lib/raspbot_hw
[3.295s] Installing imu_serial script to /home/jedld/ros2_foxy/src/raspbot_ros2/install/raspbot_hw/lib/raspbot_hw
[3.295s] Installing lightbar script to /home/jedld/ros2_foxy/src/raspbot_ros2/install/raspbot_hw/lib/raspbot_hw
[3.296s] Installing motor_driver script to /home/jedld/ros2_foxy/src/raspbot_ros2/install/raspbot_hw/lib/raspbot_hw
[3.296s] Installing motor_id_test script to /home/jedld/ros2_foxy/src/raspbot_ros2/install/raspbot_hw/lib/raspbot_hw
[3.296s] Installing oled script to /home/jedld/ros2_foxy/src/raspbot_ros2/install/raspbot_hw/lib/raspbot_hw
[3.296s] Installing opencv_camera script to /home/jedld/ros2_foxy/src/raspbot_ros2/install/raspbot_hw/lib/raspbot_hw
[3.296s] Installing pi_camera script to /home/jedld/ros2_foxy/src/raspbot_ros2/install/raspbot_hw/lib/raspbot_hw
[3.296s] Installing ultrasonic script to /home/jedld/ros2_foxy/src/raspbot_ros2/install/raspbot_hw/lib/raspbot_hw
[3.297s] 
[3.297s] Installed /home/jedld/ros2_foxy/src/raspbot_ros2/build/raspbot_hw
[3.297s] running symlink_data
[3.426s] Invoked command in '/home/jedld/ros2_foxy/src/raspbot_ros2/build/raspbot_hw' returned '0': PYTHONPATH=/home/jedld/ros2_foxy/src/raspbot_ros2/build/raspbot_hw/prefix_override:/usr/lib/python3/dist-packages/colcon_core/task/python/colcon_distutils_commands:/home/jedld/ros2_foxy/src/raspbot_ros2/install/raspbot_hw/lib/python3.12/site-packages:${PYTHONPATH} /usr/bin/python3 -W ignore:setup.py install is deprecated -W ignore:easy_install command is deprecated setup.py develop --editable --build-directory /home/jedld/ros2_foxy/src/raspbot_ros2/build/raspbot_hw/build --no-deps symlink_data
