[2.527s] Invoking command in '/home/jedld/ros2_foxy/src/raspbot_ros2/build/raspbot_hw': PYTHONPATH=/home/jedld/ros2_foxy/src/raspbot_ros2/build/raspbot_hw/prefix_override:/usr/lib/python3/dist-packages/colcon_core/task/python/colcon_distutils_commands:/home/jedld/ros2_foxy/src/raspbot_ros2/install/raspbot_hw/lib/python3.12/site-packages:${PYTHONPATH} /usr/bin/python3 -W ignore:setup.py install is deprecated -W ignore:easy_install command is deprecated setup.py develop --editable --build-directory /home/jedld/ros2_foxy/src/raspbot_ros2/build/raspbot_hw/build --no-deps symlink_data
[3.184s] running develop
[3.519s] running egg_info
[3.549s] writing raspbot_hw.egg-info/PKG-INFO
[3.550s] writing dependency_links to raspbot_hw.egg-info/dependency_links.txt
[3.552s] writing entry points to raspbot_hw.egg-info/entry_points.txt
[3.556s] writing requirements to raspbot_hw.egg-info/requires.txt
[3.557s] writing top-level names to raspbot_hw.egg-info/top_level.txt
[3.628s] reading manifest file 'raspbot_hw.egg-info/SOURCES.txt'
[3.630s] writing manifest file 'raspbot_hw.egg-info/SOURCES.txt'
[3.668s] running build_ext
[3.668s] Creating /home/jedld/ros2_foxy/src/raspbot_ros2/install/raspbot_hw/lib/python3.12/site-packages/raspbot-hw.egg-link (link to .)
[3.669s] Installing camera_gimbal script to /home/jedld/ros2_foxy/src/raspbot_ros2/install/raspbot_hw/lib/raspbot_hw
[3.669s] Installing gpio_sensors script to /home/jedld/ros2_foxy/src/raspbot_ros2/install/raspbot_hw/lib/raspbot_hw
[3.669s] Installing imu_serial script to /home/jedld/ros2_foxy/src/raspbot_ros2/install/raspbot_hw/lib/raspbot_hw
[3.670s] Installing lightbar script to /home/jedld/ros2_foxy/src/raspbot_ros2/install/raspbot_hw/lib/raspbot_hw
[3.670s] Installing motor_driver script to /home/jedld/ros2_foxy/src/raspbot_ros2/install/raspbot_hw/lib/raspbot_hw
[3.670s] Installing motor_id_test script to /home/jedld/ros2_foxy/src/raspbot_ros2/install/raspbot_hw/lib/raspbot_hw
[3.670s] Installing oled script to /home/jedld/ros2_foxy/src/raspbot_ros2/install/raspbot_hw/lib/raspbot_hw
[3.670s] Installing opencv_camera script to /home/jedld/ros2_foxy/src/raspbot_ros2/install/raspbot_hw/lib/raspbot_hw
[3.671s] Installing pi_camera script to /home/jedld/ros2_foxy/src/raspbot_ros2/install/raspbot_hw/lib/raspbot_hw
[3.671s] Installing ultrasonic script to /home/jedld/ros2_foxy/src/raspbot_ros2/install/raspbot_hw/lib/raspbot_hw
[3.671s] 
[3.671s] Installed /home/jedld/ros2_foxy/src/raspbot_ros2/build/raspbot_hw
[3.671s] running symlink_data
[3.783s] Invoked command in '/home/jedld/ros2_foxy/src/raspbot_ros2/build/raspbot_hw' returned '0': PYTHONPATH=/home/jedld/ros2_foxy/src/raspbot_ros2/build/raspbot_hw/prefix_override:/usr/lib/python3/dist-packages/colcon_core/task/python/colcon_distutils_commands:/home/jedld/ros2_foxy/src/raspbot_ros2/install/raspbot_hw/lib/python3.12/site-packages:${PYTHONPATH} /usr/bin/python3 -W ignore:setup.py install is deprecated -W ignore:easy_install command is deprecated setup.py develop --editable --build-directory /home/jedld/ros2_foxy/src/raspbot_ros2/build/raspbot_hw/build --no-deps symlink_data
