[3.458s] Invoking command in '/home/jedld/ros2_foxy/src/raspbot_ros2/raspbot_hw': PYTHONPATH=/home/jedld/ros2_foxy/src/raspbot_ros2/build/raspbot_hw/prefix_override:/usr/lib/python3/dist-packages/colcon_core/task/python/colcon_distutils_commands:/home/jedld/ros2_foxy/src/raspbot_ros2/install/raspbot_hw/lib/python3.12/site-packages:${PYTHONPATH} /usr/bin/python3 -W ignore:setup.py install is deprecated -W ignore:easy_install command is deprecated setup.py egg_info --egg-base ../build/raspbot_hw build --build-base /home/jedld/ros2_foxy/src/raspbot_ros2/build/raspbot_hw/build install --record /home/jedld/ros2_foxy/src/raspbot_ros2/build/raspbot_hw/install.log --single-version-externally-managed install_data
[4.099s] running egg_info
[4.135s] writing ../build/raspbot_hw/raspbot_hw.egg-info/PKG-INFO
[4.137s] writing dependency_links to ../build/raspbot_hw/raspbot_hw.egg-info/dependency_links.txt
[4.137s] writing entry points to ../build/raspbot_hw/raspbot_hw.egg-info/entry_points.txt
[4.137s] writing requirements to ../build/raspbot_hw/raspbot_hw.egg-info/requires.txt
[4.138s] writing top-level names to ../build/raspbot_hw/raspbot_hw.egg-info/top_level.txt
[4.238s] reading manifest file '../build/raspbot_hw/raspbot_hw.egg-info/SOURCES.txt'
[4.242s] writing manifest file '../build/raspbot_hw/raspbot_hw.egg-info/SOURCES.txt'
[4.242s] running build
[4.242s] running build_py
[4.242s] copying raspbot_hw/motor_driver_node.py -> /home/jedld/ros2_foxy/src/raspbot_ros2/build/raspbot_hw/build/lib/raspbot_hw
[4.244s] running install
[4.255s] running install_lib
[4.290s] copying /home/jedld/ros2_foxy/src/raspbot_ros2/build/raspbot_hw/build/lib/raspbot_hw/motor_driver_node.py -> /home/jedld/ros2_foxy/src/raspbot_ros2/install/raspbot_hw/lib/python3.12/site-packages/raspbot_hw
[4.293s] byte-compiling /home/jedld/ros2_foxy/src/raspbot_ros2/install/raspbot_hw/lib/python3.12/site-packages/raspbot_hw/motor_driver_node.py to motor_driver_node.cpython-312.pyc
[4.302s] running install_data
[4.302s] running install_egg_info
[4.345s] removing '/home/jedld/ros2_foxy/src/raspbot_ros2/install/raspbot_hw/lib/python3.12/site-packages/raspbot_hw-0.1.0-py3.12.egg-info' (and everything under it)
[4.346s] Copying ../build/raspbot_hw/raspbot_hw.egg-info to /home/jedld/ros2_foxy/src/raspbot_ros2/install/raspbot_hw/lib/python3.12/site-packages/raspbot_hw-0.1.0-py3.12.egg-info
[4.349s] running install_scripts
[4.579s] Installing camera_gimbal script to /home/jedld/ros2_foxy/src/raspbot_ros2/install/raspbot_hw/lib/raspbot_hw
[4.580s] Installing gpio_sensors script to /home/jedld/ros2_foxy/src/raspbot_ros2/install/raspbot_hw/lib/raspbot_hw
[4.582s] Installing imu_serial script to /home/jedld/ros2_foxy/src/raspbot_ros2/install/raspbot_hw/lib/raspbot_hw
[4.582s] Installing lightbar script to /home/jedld/ros2_foxy/src/raspbot_ros2/install/raspbot_hw/lib/raspbot_hw
[4.583s] Installing motor_driver script to /home/jedld/ros2_foxy/src/raspbot_ros2/install/raspbot_hw/lib/raspbot_hw
[4.584s] Installing motor_id_test script to /home/jedld/ros2_foxy/src/raspbot_ros2/install/raspbot_hw/lib/raspbot_hw
[4.585s] Installing oled script to /home/jedld/ros2_foxy/src/raspbot_ros2/install/raspbot_hw/lib/raspbot_hw
[4.585s] Installing opencv_camera script to /home/jedld/ros2_foxy/src/raspbot_ros2/install/raspbot_hw/lib/raspbot_hw
[4.586s] Installing ultrasonic script to /home/jedld/ros2_foxy/src/raspbot_ros2/install/raspbot_hw/lib/raspbot_hw
[4.587s] writing list of installed files to '/home/jedld/ros2_foxy/src/raspbot_ros2/build/raspbot_hw/install.log'
[4.702s] Invoked command in '/home/jedld/ros2_foxy/src/raspbot_ros2/raspbot_hw' returned '0': PYTHONPATH=/home/jedld/ros2_foxy/src/raspbot_ros2/build/raspbot_hw/prefix_override:/usr/lib/python3/dist-packages/colcon_core/task/python/colcon_distutils_commands:/home/jedld/ros2_foxy/src/raspbot_ros2/install/raspbot_hw/lib/python3.12/site-packages:${PYTHONPATH} /usr/bin/python3 -W ignore:setup.py install is deprecated -W ignore:easy_install command is deprecated setup.py egg_info --egg-base ../build/raspbot_hw build --build-base /home/jedld/ros2_foxy/src/raspbot_ros2/build/raspbot_hw/build install --record /home/jedld/ros2_foxy/src/raspbot_ros2/build/raspbot_hw/install.log --single-version-externally-managed install_data
