running develop
running egg_info
creating raspbot_hw.egg-info
writing raspbot_hw.egg-info/PKG-INFO
writing dependency_links to raspbot_hw.egg-info/dependency_links.txt
writing entry points to raspbot_hw.egg-info/entry_points.txt
writing requirements to raspbot_hw.egg-info/requires.txt
writing top-level names to raspbot_hw.egg-info/top_level.txt
writing manifest file 'raspbot_hw.egg-info/SOURCES.txt'
reading manifest file 'raspbot_hw.egg-info/SOURCES.txt'
writing manifest file 'raspbot_hw.egg-info/SOURCES.txt'
running build_ext
Creating /home/jedld/ros2_foxy/src/raspbot_ros2/install/raspbot_hw/lib/python3.12/site-packages/raspbot-hw.egg-link (link to .)
Installing bno055_serial script to /home/jedld/ros2_foxy/src/raspbot_ros2/install/raspbot_hw/lib/raspbot_hw
Installing camera_gimbal script to /home/jedld/ros2_foxy/src/raspbot_ros2/install/raspbot_hw/lib/raspbot_hw
Installing front_calibration script to /home/jedld/ros2_foxy/src/raspbot_ros2/install/raspbot_hw/lib/raspbot_hw
Installing gpio_sensors script to /home/jedld/ros2_foxy/src/raspbot_ros2/install/raspbot_hw/lib/raspbot_hw
Installing imu_serial script to /home/jedld/ros2_foxy/src/raspbot_ros2/install/raspbot_hw/lib/raspbot_hw
Installing lidar_obstacle script to /home/jedld/ros2_foxy/src/raspbot_ros2/install/raspbot_hw/lib/raspbot_hw
Installing lidar_slam script to /home/jedld/ros2_foxy/src/raspbot_ros2/install/raspbot_hw/lib/raspbot_hw
Installing lightbar script to /home/jedld/ros2_foxy/src/raspbot_ros2/install/raspbot_hw/lib/raspbot_hw
Installing motor_driver script to /home/jedld/ros2_foxy/src/raspbot_ros2/install/raspbot_hw/lib/raspbot_hw
Installing motor_id_test script to /home/jedld/ros2_foxy/src/raspbot_ros2/install/raspbot_hw/lib/raspbot_hw
Installing odometry script to /home/jedld/ros2_foxy/src/raspbot_ros2/install/raspbot_hw/lib/raspbot_hw
Installing oled script to /home/jedld/ros2_foxy/src/raspbot_ros2/install/raspbot_hw/lib/raspbot_hw
Installing opencv_camera script to /home/jedld/ros2_foxy/src/raspbot_ros2/install/raspbot_hw/lib/raspbot_hw
Installing pi_camera script to /home/jedld/ros2_foxy/src/raspbot_ros2/install/raspbot_hw/lib/raspbot_hw
Installing ultrasonic script to /home/jedld/ros2_foxy/src/raspbot_ros2/install/raspbot_hw/lib/raspbot_hw

Installed /home/jedld/ros2_foxy/src/raspbot_ros2/build/raspbot_hw
running symlink_data
creating /home/jedld/ros2_foxy/src/raspbot_ros2/install/raspbot_hw/share/ament_index
creating /home/jedld/ros2_foxy/src/raspbot_ros2/install/raspbot_hw/share/ament_index/resource_index
creating /home/jedld/ros2_foxy/src/raspbot_ros2/install/raspbot_hw/share/ament_index/resource_index/packages
symbolically linking /home/jedld/ros2_foxy/src/raspbot_ros2/build/raspbot_hw/resource/raspbot_hw -> /home/jedld/ros2_foxy/src/raspbot_ros2/install/raspbot_hw/share/ament_index/resource_index/packages
symbolically linking /home/jedld/ros2_foxy/src/raspbot_ros2/build/raspbot_hw/package.xml -> /home/jedld/ros2_foxy/src/raspbot_ros2/install/raspbot_hw/share/raspbot_hw
creating /home/jedld/ros2_foxy/src/raspbot_ros2/install/raspbot_hw/share/raspbot_hw/config
symbolically linking /home/jedld/ros2_foxy/src/raspbot_ros2/build/raspbot_hw/config/raspbot_hw.yaml -> /home/jedld/ros2_foxy/src/raspbot_ros2/install/raspbot_hw/share/raspbot_hw/config
creating /home/jedld/ros2_foxy/src/raspbot_ros2/install/raspbot_hw/share/raspbot_hw/launch
symbolically linking /home/jedld/ros2_foxy/src/raspbot_ros2/build/raspbot_hw/launch/hw.launch.py -> /home/jedld/ros2_foxy/src/raspbot_ros2/install/raspbot_hw/share/raspbot_hw/launch
