[2.156s] Invoking command in '/home/jedld/ros2_foxy/src/raspbot_ros2/build/raspbot_hw': PYTHONPATH=/home/jedld/ros2_foxy/src/raspbot_ros2/build/raspbot_hw/prefix_override:/usr/lib/python3/dist-packages/colcon_core/task/python/colcon_distutils_commands:/home/jedld/ros2_foxy/src/raspbot_ros2/install/raspbot_hw/lib/python3.12/site-packages:${PYTHONPATH} /usr/bin/python3 -W ignore:setup.py install is deprecated -W ignore:easy_install command is deprecated setup.py develop --editable --build-directory /home/jedld/ros2_foxy/src/raspbot_ros2/build/raspbot_hw/build --no-deps symlink_data
[2.845s] running develop
[3.150s] running egg_info
[3.150s] creating raspbot_hw.egg-info
[3.183s] writing raspbot_hw.egg-info/PKG-INFO
[3.183s] writing dependency_links to raspbot_hw.egg-info/dependency_links.txt
[3.183s] writing entry points to raspbot_hw.egg-info/entry_points.txt
[3.184s] writing requirements to raspbot_hw.egg-info/requires.txt
[3.184s] writing top-level names to raspbot_hw.egg-info/top_level.txt
[3.184s] writing manifest file 'raspbot_hw.egg-info/SOURCES.txt'
[3.251s] reading manifest file 'raspbot_hw.egg-info/SOURCES.txt'
[3.252s] writing manifest file 'raspbot_hw.egg-info/SOURCES.txt'
[3.290s] running build_ext
[3.290s] Creating /home/jedld/ros2_foxy/src/raspbot_ros2/install/raspbot_hw/lib/python3.12/site-packages/raspbot-hw.egg-link (link to .)
[3.291s] Installing bno055_serial script to /home/jedld/ros2_foxy/src/raspbot_ros2/install/raspbot_hw/lib/raspbot_hw
[3.291s] Installing camera_gimbal script to /home/jedld/ros2_foxy/src/raspbot_ros2/install/raspbot_hw/lib/raspbot_hw
[3.292s] Installing front_calibration script to /home/jedld/ros2_foxy/src/raspbot_ros2/install/raspbot_hw/lib/raspbot_hw
[3.292s] Installing gpio_sensors script to /home/jedld/ros2_foxy/src/raspbot_ros2/install/raspbot_hw/lib/raspbot_hw
[3.292s] Installing imu_serial script to /home/jedld/ros2_foxy/src/raspbot_ros2/install/raspbot_hw/lib/raspbot_hw
[3.292s] Installing lidar_obstacle script to /home/jedld/ros2_foxy/src/raspbot_ros2/install/raspbot_hw/lib/raspbot_hw
[3.292s] Installing lidar_slam script to /home/jedld/ros2_foxy/src/raspbot_ros2/install/raspbot_hw/lib/raspbot_hw
[3.292s] Installing lightbar script to /home/jedld/ros2_foxy/src/raspbot_ros2/install/raspbot_hw/lib/raspbot_hw
[3.292s] Installing motor_driver script to /home/jedld/ros2_foxy/src/raspbot_ros2/install/raspbot_hw/lib/raspbot_hw
[3.293s] Installing motor_id_test script to /home/jedld/ros2_foxy/src/raspbot_ros2/install/raspbot_hw/lib/raspbot_hw
[3.293s] Installing odometry script to /home/jedld/ros2_foxy/src/raspbot_ros2/install/raspbot_hw/lib/raspbot_hw
[3.293s] Installing oled script to /home/jedld/ros2_foxy/src/raspbot_ros2/install/raspbot_hw/lib/raspbot_hw
[3.293s] Installing opencv_camera script to /home/jedld/ros2_foxy/src/raspbot_ros2/install/raspbot_hw/lib/raspbot_hw
[3.293s] Installing pi_camera script to /home/jedld/ros2_foxy/src/raspbot_ros2/install/raspbot_hw/lib/raspbot_hw
[3.293s] Installing ultrasonic script to /home/jedld/ros2_foxy/src/raspbot_ros2/install/raspbot_hw/lib/raspbot_hw
[3.294s] 
[3.294s] Installed /home/jedld/ros2_foxy/src/raspbot_ros2/build/raspbot_hw
[3.294s] running symlink_data
[3.294s] creating /home/jedld/ros2_foxy/src/raspbot_ros2/install/raspbot_hw/share/ament_index
[3.294s] creating /home/jedld/ros2_foxy/src/raspbot_ros2/install/raspbot_hw/share/ament_index/resource_index
[3.294s] creating /home/jedld/ros2_foxy/src/raspbot_ros2/install/raspbot_hw/share/ament_index/resource_index/packages
[3.294s] symbolically linking /home/jedld/ros2_foxy/src/raspbot_ros2/build/raspbot_hw/resource/raspbot_hw -> /home/jedld/ros2_foxy/src/raspbot_ros2/install/raspbot_hw/share/ament_index/resource_index/packages
[3.294s] symbolically linking /home/jedld/ros2_foxy/src/raspbot_ros2/build/raspbot_hw/package.xml -> /home/jedld/ros2_foxy/src/raspbot_ros2/install/raspbot_hw/share/raspbot_hw
[3.294s] creating /home/jedld/ros2_foxy/src/raspbot_ros2/install/raspbot_hw/share/raspbot_hw/config
[3.295s] symbolically linking /home/jedld/ros2_foxy/src/raspbot_ros2/build/raspbot_hw/config/raspbot_hw.yaml -> /home/jedld/ros2_foxy/src/raspbot_ros2/install/raspbot_hw/share/raspbot_hw/config
[3.295s] creating /home/jedld/ros2_foxy/src/raspbot_ros2/install/raspbot_hw/share/raspbot_hw/launch
[3.295s] symbolically linking /home/jedld/ros2_foxy/src/raspbot_ros2/build/raspbot_hw/launch/hw.launch.py -> /home/jedld/ros2_foxy/src/raspbot_ros2/install/raspbot_hw/share/raspbot_hw/launch
[3.411s] Invoked command in '/home/jedld/ros2_foxy/src/raspbot_ros2/build/raspbot_hw' returned '0': PYTHONPATH=/home/jedld/ros2_foxy/src/raspbot_ros2/build/raspbot_hw/prefix_override:/usr/lib/python3/dist-packages/colcon_core/task/python/colcon_distutils_commands:/home/jedld/ros2_foxy/src/raspbot_ros2/install/raspbot_hw/lib/python3.12/site-packages:${PYTHONPATH} /usr/bin/python3 -W ignore:setup.py install is deprecated -W ignore:easy_install command is deprecated setup.py develop --editable --build-directory /home/jedld/ros2_foxy/src/raspbot_ros2/build/raspbot_hw/build --no-deps symlink_data
