[0.932s] DEBUG:colcon:Command line arguments: ['/usr/bin/colcon', 'build', '--packages-select', 'raspbot_hw', 'raspbot_web_video', '--allow-overriding', 'raspbot_hw', 'raspbot_web_video']
[0.933s] DEBUG:colcon:Parsed command line arguments: Namespace(log_base=None, log_level=None, verb_name='build', build_base='build', install_base='install', merge_install=False, symlink_install=False, test_result_base=None, continue_on_error=False, executor='parallel', parallel_workers=4, event_handlers=None, ignore_user_meta=False, metas=['./colcon.meta'], base_paths=['.'], packages_ignore=None, packages_ignore_regex=None, paths=None, packages_up_to=None, packages_up_to_regex=None, packages_above=None, packages_above_and_dependencies=None, packages_above_depth=None, packages_select_by_dep=None, packages_skip_by_dep=None, packages_skip_up_to=None, packages_select_build_failed=False, packages_skip_build_finished=False, packages_select_test_failures=False, packages_skip_test_passed=False, packages_select=['raspbot_hw', 'raspbot_web_video'], packages_skip=None, packages_select_regex=None, packages_skip_regex=None, packages_start=None, packages_end=None, allow_overriding=['raspbot_hw', 'raspbot_web_video'], cmake_args=None, cmake_target=None, cmake_target_skip_unavailable=False, cmake_clean_cache=False, cmake_clean_first=False, cmake_force_configure=False, ament_cmake_args=None, catkin_cmake_args=None, catkin_skip_building_tests=False, mixin_files=None, mixin=None, verb_parser=<colcon_mixin.mixin.mixin_argument.MixinArgumentDecorator object at 0xffff8e8207d0>, verb_extension=<colcon_core.verb.build.BuildVerb object at 0xffff8eacf140>, main=<bound method BuildVerb.main of <colcon_core.verb.build.BuildVerb object at 0xffff8eacf140>>, mixin_verb=('build',))
[1.177s] Level 1:colcon.colcon_core.package_discovery:discover_packages(colcon_meta) check parameters
[1.178s] Level 1:colcon.colcon_core.package_discovery:discover_packages(recursive) check parameters
[1.178s] Level 1:colcon.colcon_core.package_discovery:discover_packages(ignore) check parameters
[1.178s] Level 1:colcon.colcon_core.package_discovery:discover_packages(path) check parameters
[1.178s] Level 1:colcon.colcon_core.package_discovery:discover_packages(colcon_meta) discover
[1.178s] Level 1:colcon.colcon_core.package_discovery:discover_packages(recursive) discover
[1.178s] INFO:colcon.colcon_core.package_discovery:Crawling recursively for packages in '/home/jedld/ros2_foxy/src/raspbot_ros2'
[1.178s] Level 1:colcon.colcon_core.package_identification:_identify(.) by extensions ['ignore', 'ignore_ament_install']
[1.178s] Level 1:colcon.colcon_core.package_identification:_identify(.) by extension 'ignore'
[1.178s] Level 1:colcon.colcon_core.package_identification:_identify(.) by extension 'ignore_ament_install'
[1.178s] Level 1:colcon.colcon_core.package_identification:_identify(.) by extensions ['colcon_pkg']
[1.178s] Level 1:colcon.colcon_core.package_identification:_identify(.) by extension 'colcon_pkg'
[1.178s] Level 1:colcon.colcon_core.package_identification:_identify(.) by extensions ['colcon_meta']
[1.178s] Level 1:colcon.colcon_core.package_identification:_identify(.) by extension 'colcon_meta'
[1.178s] Level 1:colcon.colcon_core.package_identification:_identify(.) by extensions ['ros']
[1.179s] Level 1:colcon.colcon_core.package_identification:_identify(.) by extension 'ros'
[1.289s] Level 1:colcon.colcon_core.package_identification:_identify(.) by extensions ['cmake', 'python']
[1.290s] Level 1:colcon.colcon_core.package_identification:_identify(.) by extension 'cmake'
[1.290s] Level 1:colcon.colcon_core.package_identification:_identify(.) by extension 'python'
[1.290s] Level 1:colcon.colcon_core.package_identification:_identify(.) by extensions ['python_setup_py']
[1.290s] Level 1:colcon.colcon_core.package_identification:_identify(.) by extension 'python_setup_py'
[1.290s] Level 1:colcon.colcon_core.package_identification:_identify(bin) by extensions ['ignore', 'ignore_ament_install']
[1.290s] Level 1:colcon.colcon_core.package_identification:_identify(bin) by extension 'ignore'
[1.290s] Level 1:colcon.colcon_core.package_identification:_identify(bin) by extension 'ignore_ament_install'
[1.291s] Level 1:colcon.colcon_core.package_identification:_identify(bin) by extensions ['colcon_pkg']
[1.291s] Level 1:colcon.colcon_core.package_identification:_identify(bin) by extension 'colcon_pkg'
[1.291s] Level 1:colcon.colcon_core.package_identification:_identify(bin) by extensions ['colcon_meta']
[1.291s] Level 1:colcon.colcon_core.package_identification:_identify(bin) by extension 'colcon_meta'
[1.291s] Level 1:colcon.colcon_core.package_identification:_identify(bin) by extensions ['ros']
[1.291s] Level 1:colcon.colcon_core.package_identification:_identify(bin) by extension 'ros'
[1.291s] Level 1:colcon.colcon_core.package_identification:_identify(bin) by extensions ['cmake', 'python']
[1.291s] Level 1:colcon.colcon_core.package_identification:_identify(bin) by extension 'cmake'
[1.291s] Level 1:colcon.colcon_core.package_identification:_identify(bin) by extension 'python'
[1.291s] Level 1:colcon.colcon_core.package_identification:_identify(bin) by extensions ['python_setup_py']
[1.291s] Level 1:colcon.colcon_core.package_identification:_identify(bin) by extension 'python_setup_py'
[1.291s] Level 1:colcon.colcon_core.package_identification:_identify(build) by extensions ['ignore', 'ignore_ament_install']
[1.291s] Level 1:colcon.colcon_core.package_identification:_identify(build) by extension 'ignore'
[1.291s] Level 1:colcon.colcon_core.package_identification:_identify(build) ignored
[1.292s] Level 1:colcon.colcon_core.package_identification:_identify(firmware) by extensions ['ignore', 'ignore_ament_install']
[1.292s] Level 1:colcon.colcon_core.package_identification:_identify(firmware) by extension 'ignore'
[1.292s] Level 1:colcon.colcon_core.package_identification:_identify(firmware) by extension 'ignore_ament_install'
[1.292s] Level 1:colcon.colcon_core.package_identification:_identify(firmware) by extensions ['colcon_pkg']
[1.292s] Level 1:colcon.colcon_core.package_identification:_identify(firmware) by extension 'colcon_pkg'
[1.292s] Level 1:colcon.colcon_core.package_identification:_identify(firmware) by extensions ['colcon_meta']
[1.292s] Level 1:colcon.colcon_core.package_identification:_identify(firmware) by extension 'colcon_meta'
[1.292s] Level 1:colcon.colcon_core.package_identification:_identify(firmware) by extensions ['ros']
[1.292s] Level 1:colcon.colcon_core.package_identification:_identify(firmware) by extension 'ros'
[1.293s] Level 1:colcon.colcon_core.package_identification:_identify(firmware) by extensions ['cmake', 'python']
[1.293s] Level 1:colcon.colcon_core.package_identification:_identify(firmware) by extension 'cmake'
[1.293s] Level 1:colcon.colcon_core.package_identification:_identify(firmware) by extension 'python'
[1.293s] Level 1:colcon.colcon_core.package_identification:_identify(firmware) by extensions ['python_setup_py']
[1.293s] Level 1:colcon.colcon_core.package_identification:_identify(firmware) by extension 'python_setup_py'
[1.293s] Level 1:colcon.colcon_core.package_identification:_identify(firmware/arduino_nano_rp2040) by extensions ['ignore', 'ignore_ament_install']
[1.293s] Level 1:colcon.colcon_core.package_identification:_identify(firmware/arduino_nano_rp2040) by extension 'ignore'
[1.293s] Level 1:colcon.colcon_core.package_identification:_identify(firmware/arduino_nano_rp2040) by extension 'ignore_ament_install'
[1.293s] Level 1:colcon.colcon_core.package_identification:_identify(firmware/arduino_nano_rp2040) by extensions ['colcon_pkg']
[1.293s] Level 1:colcon.colcon_core.package_identification:_identify(firmware/arduino_nano_rp2040) by extension 'colcon_pkg'
[1.293s] Level 1:colcon.colcon_core.package_identification:_identify(firmware/arduino_nano_rp2040) by extensions ['colcon_meta']
[1.293s] Level 1:colcon.colcon_core.package_identification:_identify(firmware/arduino_nano_rp2040) by extension 'colcon_meta'
[1.294s] Level 1:colcon.colcon_core.package_identification:_identify(firmware/arduino_nano_rp2040) by extensions ['ros']
[1.294s] Level 1:colcon.colcon_core.package_identification:_identify(firmware/arduino_nano_rp2040) by extension 'ros'
[1.294s] Level 1:colcon.colcon_core.package_identification:_identify(firmware/arduino_nano_rp2040) by extensions ['cmake', 'python']
[1.294s] Level 1:colcon.colcon_core.package_identification:_identify(firmware/arduino_nano_rp2040) by extension 'cmake'
[1.294s] Level 1:colcon.colcon_core.package_identification:_identify(firmware/arduino_nano_rp2040) by extension 'python'
[1.294s] Level 1:colcon.colcon_core.package_identification:_identify(firmware/arduino_nano_rp2040) by extensions ['python_setup_py']
[1.294s] Level 1:colcon.colcon_core.package_identification:_identify(firmware/arduino_nano_rp2040) by extension 'python_setup_py'
[1.294s] Level 1:colcon.colcon_core.package_identification:_identify(firmware/arduino_nano_rp2040/raspbot_imu_bridge) by extensions ['ignore', 'ignore_ament_install']
[1.294s] Level 1:colcon.colcon_core.package_identification:_identify(firmware/arduino_nano_rp2040/raspbot_imu_bridge) by extension 'ignore'
[1.294s] Level 1:colcon.colcon_core.package_identification:_identify(firmware/arduino_nano_rp2040/raspbot_imu_bridge) by extension 'ignore_ament_install'
[1.294s] Level 1:colcon.colcon_core.package_identification:_identify(firmware/arduino_nano_rp2040/raspbot_imu_bridge) by extensions ['colcon_pkg']
[1.295s] Level 1:colcon.colcon_core.package_identification:_identify(firmware/arduino_nano_rp2040/raspbot_imu_bridge) by extension 'colcon_pkg'
[1.295s] Level 1:colcon.colcon_core.package_identification:_identify(firmware/arduino_nano_rp2040/raspbot_imu_bridge) by extensions ['colcon_meta']
[1.296s] Level 1:colcon.colcon_core.package_identification:_identify(firmware/arduino_nano_rp2040/raspbot_imu_bridge) by extension 'colcon_meta'
[1.296s] Level 1:colcon.colcon_core.package_identification:_identify(firmware/arduino_nano_rp2040/raspbot_imu_bridge) by extensions ['ros']
[1.296s] Level 1:colcon.colcon_core.package_identification:_identify(firmware/arduino_nano_rp2040/raspbot_imu_bridge) by extension 'ros'
[1.297s] Level 1:colcon.colcon_core.package_identification:_identify(firmware/arduino_nano_rp2040/raspbot_imu_bridge) by extensions ['cmake', 'python']
[1.297s] Level 1:colcon.colcon_core.package_identification:_identify(firmware/arduino_nano_rp2040/raspbot_imu_bridge) by extension 'cmake'
[1.297s] Level 1:colcon.colcon_core.package_identification:_identify(firmware/arduino_nano_rp2040/raspbot_imu_bridge) by extension 'python'
[1.297s] Level 1:colcon.colcon_core.package_identification:_identify(firmware/arduino_nano_rp2040/raspbot_imu_bridge) by extensions ['python_setup_py']
[1.297s] Level 1:colcon.colcon_core.package_identification:_identify(firmware/arduino_nano_rp2040/raspbot_imu_bridge) by extension 'python_setup_py'
[1.297s] Level 1:colcon.colcon_core.package_identification:_identify(firmware/m5stack_cardputer) by extensions ['ignore', 'ignore_ament_install']
[1.297s] Level 1:colcon.colcon_core.package_identification:_identify(firmware/m5stack_cardputer) by extension 'ignore'
[1.297s] Level 1:colcon.colcon_core.package_identification:_identify(firmware/m5stack_cardputer) by extension 'ignore_ament_install'
[1.297s] Level 1:colcon.colcon_core.package_identification:_identify(firmware/m5stack_cardputer) by extensions ['colcon_pkg']
[1.297s] Level 1:colcon.colcon_core.package_identification:_identify(firmware/m5stack_cardputer) by extension 'colcon_pkg'
[1.297s] Level 1:colcon.colcon_core.package_identification:_identify(firmware/m5stack_cardputer) by extensions ['colcon_meta']
[1.297s] Level 1:colcon.colcon_core.package_identification:_identify(firmware/m5stack_cardputer) by extension 'colcon_meta'
[1.298s] Level 1:colcon.colcon_core.package_identification:_identify(firmware/m5stack_cardputer) by extensions ['ros']
[1.298s] Level 1:colcon.colcon_core.package_identification:_identify(firmware/m5stack_cardputer) by extension 'ros'
[1.298s] Level 1:colcon.colcon_core.package_identification:_identify(firmware/m5stack_cardputer) by extensions ['cmake', 'python']
[1.298s] Level 1:colcon.colcon_core.package_identification:_identify(firmware/m5stack_cardputer) by extension 'cmake'
[1.298s] Level 1:colcon.colcon_core.package_identification:_identify(firmware/m5stack_cardputer) by extension 'python'
[1.298s] Level 1:colcon.colcon_core.package_identification:_identify(firmware/m5stack_cardputer) by extensions ['python_setup_py']
[1.298s] Level 1:colcon.colcon_core.package_identification:_identify(firmware/m5stack_cardputer) by extension 'python_setup_py'
[1.298s] Level 1:colcon.colcon_core.package_identification:_identify(firmware/m5stack_cardputer/src) by extensions ['ignore', 'ignore_ament_install']
[1.298s] Level 1:colcon.colcon_core.package_identification:_identify(firmware/m5stack_cardputer/src) by extension 'ignore'
[1.298s] Level 1:colcon.colcon_core.package_identification:_identify(firmware/m5stack_cardputer/src) by extension 'ignore_ament_install'
[1.299s] Level 1:colcon.colcon_core.package_identification:_identify(firmware/m5stack_cardputer/src) by extensions ['colcon_pkg']
[1.299s] Level 1:colcon.colcon_core.package_identification:_identify(firmware/m5stack_cardputer/src) by extension 'colcon_pkg'
[1.299s] Level 1:colcon.colcon_core.package_identification:_identify(firmware/m5stack_cardputer/src) by extensions ['colcon_meta']
[1.299s] Level 1:colcon.colcon_core.package_identification:_identify(firmware/m5stack_cardputer/src) by extension 'colcon_meta'
[1.299s] Level 1:colcon.colcon_core.package_identification:_identify(firmware/m5stack_cardputer/src) by extensions ['ros']
[1.299s] Level 1:colcon.colcon_core.package_identification:_identify(firmware/m5stack_cardputer/src) by extension 'ros'
[1.299s] Level 1:colcon.colcon_core.package_identification:_identify(firmware/m5stack_cardputer/src) by extensions ['cmake', 'python']
[1.299s] Level 1:colcon.colcon_core.package_identification:_identify(firmware/m5stack_cardputer/src) by extension 'cmake'
[1.299s] Level 1:colcon.colcon_core.package_identification:_identify(firmware/m5stack_cardputer/src) by extension 'python'
[1.299s] Level 1:colcon.colcon_core.package_identification:_identify(firmware/m5stack_cardputer/src) by extensions ['python_setup_py']
[1.299s] Level 1:colcon.colcon_core.package_identification:_identify(firmware/m5stack_cardputer/src) by extension 'python_setup_py'
[1.300s] Level 1:colcon.colcon_core.package_identification:_identify(install) by extensions ['ignore', 'ignore_ament_install']
[1.300s] Level 1:colcon.colcon_core.package_identification:_identify(install) by extension 'ignore'
[1.300s] Level 1:colcon.colcon_core.package_identification:_identify(install) ignored
[1.300s] Level 1:colcon.colcon_core.package_identification:_identify(log) by extensions ['ignore', 'ignore_ament_install']
[1.300s] Level 1:colcon.colcon_core.package_identification:_identify(log) by extension 'ignore'
[1.300s] Level 1:colcon.colcon_core.package_identification:_identify(log) ignored
[1.300s] Level 1:colcon.colcon_core.package_identification:_identify(raspbot_bringup) by extensions ['ignore', 'ignore_ament_install']
[1.300s] Level 1:colcon.colcon_core.package_identification:_identify(raspbot_bringup) by extension 'ignore'
[1.300s] Level 1:colcon.colcon_core.package_identification:_identify(raspbot_bringup) by extension 'ignore_ament_install'
[1.300s] Level 1:colcon.colcon_core.package_identification:_identify(raspbot_bringup) by extensions ['colcon_pkg']
[1.300s] Level 1:colcon.colcon_core.package_identification:_identify(raspbot_bringup) by extension 'colcon_pkg'
[1.300s] Level 1:colcon.colcon_core.package_identification:_identify(raspbot_bringup) by extensions ['colcon_meta']
[1.300s] Level 1:colcon.colcon_core.package_identification:_identify(raspbot_bringup) by extension 'colcon_meta'
[1.300s] Level 1:colcon.colcon_core.package_identification:_identify(raspbot_bringup) by extensions ['ros']
[1.301s] Level 1:colcon.colcon_core.package_identification:_identify(raspbot_bringup) by extension 'ros'
[1.314s] DEBUG:colcon.colcon_core.package_identification:Package 'raspbot_bringup' with type 'ros.ament_python' and name 'raspbot_bringup'
[1.315s] Level 1:colcon.colcon_core.package_identification:_identify(raspbot_hailo_tracking) by extensions ['ignore', 'ignore_ament_install']
[1.315s] Level 1:colcon.colcon_core.package_identification:_identify(raspbot_hailo_tracking) by extension 'ignore'
[1.315s] Level 1:colcon.colcon_core.package_identification:_identify(raspbot_hailo_tracking) by extension 'ignore_ament_install'
[1.315s] Level 1:colcon.colcon_core.package_identification:_identify(raspbot_hailo_tracking) by extensions ['colcon_pkg']
[1.315s] Level 1:colcon.colcon_core.package_identification:_identify(raspbot_hailo_tracking) by extension 'colcon_pkg'
[1.315s] Level 1:colcon.colcon_core.package_identification:_identify(raspbot_hailo_tracking) by extensions ['colcon_meta']
[1.315s] Level 1:colcon.colcon_core.package_identification:_identify(raspbot_hailo_tracking) by extension 'colcon_meta'
[1.315s] Level 1:colcon.colcon_core.package_identification:_identify(raspbot_hailo_tracking) by extensions ['ros']
[1.315s] Level 1:colcon.colcon_core.package_identification:_identify(raspbot_hailo_tracking) by extension 'ros'
[1.317s] DEBUG:colcon.colcon_core.package_identification:Package 'raspbot_hailo_tracking' with type 'ros.ament_cmake' and name 'raspbot_hailo_tracking'
[1.317s] Level 1:colcon.colcon_core.package_identification:_identify(raspbot_hw) by extensions ['ignore', 'ignore_ament_install']
[1.317s] Level 1:colcon.colcon_core.package_identification:_identify(raspbot_hw) by extension 'ignore'
[1.317s] Level 1:colcon.colcon_core.package_identification:_identify(raspbot_hw) by extension 'ignore_ament_install'
[1.317s] Level 1:colcon.colcon_core.package_identification:_identify(raspbot_hw) by extensions ['colcon_pkg']
[1.317s] Level 1:colcon.colcon_core.package_identification:_identify(raspbot_hw) by extension 'colcon_pkg'
[1.317s] Level 1:colcon.colcon_core.package_identification:_identify(raspbot_hw) by extensions ['colcon_meta']
[1.317s] Level 1:colcon.colcon_core.package_identification:_identify(raspbot_hw) by extension 'colcon_meta'
[1.317s] Level 1:colcon.colcon_core.package_identification:_identify(raspbot_hw) by extensions ['ros']
[1.317s] Level 1:colcon.colcon_core.package_identification:_identify(raspbot_hw) by extension 'ros'
[1.319s] DEBUG:colcon.colcon_core.package_identification:Package 'raspbot_hw' with type 'ros.ament_python' and name 'raspbot_hw'
[1.319s] Level 1:colcon.colcon_core.package_identification:_identify(raspbot_teleop) by extensions ['ignore', 'ignore_ament_install']
[1.319s] Level 1:colcon.colcon_core.package_identification:_identify(raspbot_teleop) by extension 'ignore'
[1.319s] Level 1:colcon.colcon_core.package_identification:_identify(raspbot_teleop) by extension 'ignore_ament_install'
[1.319s] Level 1:colcon.colcon_core.package_identification:_identify(raspbot_teleop) by extensions ['colcon_pkg']
[1.319s] Level 1:colcon.colcon_core.package_identification:_identify(raspbot_teleop) by extension 'colcon_pkg'
[1.320s] Level 1:colcon.colcon_core.package_identification:_identify(raspbot_teleop) by extensions ['colcon_meta']
[1.320s] Level 1:colcon.colcon_core.package_identification:_identify(raspbot_teleop) by extension 'colcon_meta'
[1.320s] Level 1:colcon.colcon_core.package_identification:_identify(raspbot_teleop) by extensions ['ros']
[1.320s] Level 1:colcon.colcon_core.package_identification:_identify(raspbot_teleop) by extension 'ros'
[1.321s] DEBUG:colcon.colcon_core.package_identification:Package 'raspbot_teleop' with type 'ros.ament_python' and name 'raspbot_teleop'
[1.322s] Level 1:colcon.colcon_core.package_identification:_identify(raspbot_web_video) by extensions ['ignore', 'ignore_ament_install']
[1.322s] Level 1:colcon.colcon_core.package_identification:_identify(raspbot_web_video) by extension 'ignore'
[1.322s] Level 1:colcon.colcon_core.package_identification:_identify(raspbot_web_video) by extension 'ignore_ament_install'
[1.322s] Level 1:colcon.colcon_core.package_identification:_identify(raspbot_web_video) by extensions ['colcon_pkg']
[1.322s] Level 1:colcon.colcon_core.package_identification:_identify(raspbot_web_video) by extension 'colcon_pkg'
[1.322s] Level 1:colcon.colcon_core.package_identification:_identify(raspbot_web_video) by extensions ['colcon_meta']
[1.322s] Level 1:colcon.colcon_core.package_identification:_identify(raspbot_web_video) by extension 'colcon_meta'
[1.322s] Level 1:colcon.colcon_core.package_identification:_identify(raspbot_web_video) by extensions ['ros']
[1.322s] Level 1:colcon.colcon_core.package_identification:_identify(raspbot_web_video) by extension 'ros'
[1.324s] DEBUG:colcon.colcon_core.package_identification:Package 'raspbot_web_video' with type 'ros.ament_python' and name 'raspbot_web_video'
[1.324s] Level 1:colcon.colcon_core.package_discovery:discover_packages(recursive) using defaults
[1.324s] Level 1:colcon.colcon_core.package_discovery:discover_packages(ignore) discover
[1.324s] Level 1:colcon.colcon_core.package_discovery:discover_packages(ignore) using defaults
[1.324s] Level 1:colcon.colcon_core.package_discovery:discover_packages(path) discover
[1.324s] Level 1:colcon.colcon_core.package_discovery:discover_packages(path) using defaults
[1.433s] INFO:colcon.colcon_core.package_selection:Skipping not selected package 'raspbot_hailo_tracking' in 'raspbot_hailo_tracking'
[1.434s] INFO:colcon.colcon_core.package_selection:Skipping not selected package 'raspbot_teleop' in 'raspbot_teleop'
[1.434s] INFO:colcon.colcon_core.package_selection:Skipping not selected package 'raspbot_bringup' in 'raspbot_bringup'
[1.438s] Level 1:colcon.colcon_core.package_discovery:discover_packages(prefix_path) check parameters
[1.439s] Level 1:colcon.colcon_core.package_discovery:discover_packages(prefix_path) discover
[1.637s] DEBUG:colcon.colcon_installed_package_information.package_discovery:Found 3 installed packages in /home/jedld/ros2_foxy/src/raspbot_ros2/install
[1.665s] DEBUG:colcon.colcon_installed_package_information.package_discovery:Found 289 installed packages in /home/jedld/ros2_foxy/install
[1.667s] Level 1:colcon.colcon_core.package_discovery:discover_packages(prefix_path) using defaults
[5.861s] Level 5:colcon.colcon_core.verb:set package 'raspbot_hw' build argument 'cmake_args' from command line to 'None'
[5.861s] Level 5:colcon.colcon_core.verb:set package 'raspbot_hw' build argument 'cmake_target' from command line to 'None'
[5.862s] Level 5:colcon.colcon_core.verb:set package 'raspbot_hw' build argument 'cmake_target_skip_unavailable' from command line to 'False'
[5.862s] Level 5:colcon.colcon_core.verb:set package 'raspbot_hw' build argument 'cmake_clean_cache' from command line to 'False'
[5.862s] Level 5:colcon.colcon_core.verb:set package 'raspbot_hw' build argument 'cmake_clean_first' from command line to 'False'
[5.862s] Level 5:colcon.colcon_core.verb:set package 'raspbot_hw' build argument 'cmake_force_configure' from command line to 'False'
[5.862s] Level 5:colcon.colcon_core.verb:set package 'raspbot_hw' build argument 'ament_cmake_args' from command line to 'None'
[5.862s] Level 5:colcon.colcon_core.verb:set package 'raspbot_hw' build argument 'catkin_cmake_args' from command line to 'None'
[5.862s] Level 5:colcon.colcon_core.verb:set package 'raspbot_hw' build argument 'catkin_skip_building_tests' from command line to 'False'
[5.862s] DEBUG:colcon.colcon_core.verb:Building package 'raspbot_hw' with the following arguments: {'ament_cmake_args': None, 'build_base': '/home/jedld/ros2_foxy/src/raspbot_ros2/build/raspbot_hw', 'catkin_cmake_args': None, 'catkin_skip_building_tests': False, 'cmake_args': None, 'cmake_clean_cache': False, 'cmake_clean_first': False, 'cmake_force_configure': False, 'cmake_target': None, 'cmake_target_skip_unavailable': False, 'install_base': '/home/jedld/ros2_foxy/src/raspbot_ros2/install/raspbot_hw', 'merge_install': False, 'path': '/home/jedld/ros2_foxy/src/raspbot_ros2/raspbot_hw', 'symlink_install': False, 'test_result_base': None}
[5.862s] Level 5:colcon.colcon_core.verb:set package 'raspbot_web_video' build argument 'cmake_args' from command line to 'None'
[5.862s] Level 5:colcon.colcon_core.verb:set package 'raspbot_web_video' build argument 'cmake_target' from command line to 'None'
[5.862s] Level 5:colcon.colcon_core.verb:set package 'raspbot_web_video' build argument 'cmake_target_skip_unavailable' from command line to 'False'
[5.862s] Level 5:colcon.colcon_core.verb:set package 'raspbot_web_video' build argument 'cmake_clean_cache' from command line to 'False'
[5.862s] Level 5:colcon.colcon_core.verb:set package 'raspbot_web_video' build argument 'cmake_clean_first' from command line to 'False'
[5.862s] Level 5:colcon.colcon_core.verb:set package 'raspbot_web_video' build argument 'cmake_force_configure' from command line to 'False'
[5.862s] Level 5:colcon.colcon_core.verb:set package 'raspbot_web_video' build argument 'ament_cmake_args' from command line to 'None'
[5.862s] Level 5:colcon.colcon_core.verb:set package 'raspbot_web_video' build argument 'catkin_cmake_args' from command line to 'None'
[5.862s] Level 5:colcon.colcon_core.verb:set package 'raspbot_web_video' build argument 'catkin_skip_building_tests' from command line to 'False'
[5.863s] DEBUG:colcon.colcon_core.verb:Building package 'raspbot_web_video' with the following arguments: {'ament_cmake_args': None, 'build_base': '/home/jedld/ros2_foxy/src/raspbot_ros2/build/raspbot_web_video', 'catkin_cmake_args': None, 'catkin_skip_building_tests': False, 'cmake_args': None, 'cmake_clean_cache': False, 'cmake_clean_first': False, 'cmake_force_configure': False, 'cmake_target': None, 'cmake_target_skip_unavailable': False, 'install_base': '/home/jedld/ros2_foxy/src/raspbot_ros2/install/raspbot_web_video', 'merge_install': False, 'path': '/home/jedld/ros2_foxy/src/raspbot_ros2/raspbot_web_video', 'symlink_install': False, 'test_result_base': None}
[5.863s] INFO:colcon.colcon_core.executor:Executing jobs using 'parallel' executor
[5.864s] DEBUG:colcon.colcon_parallel_executor.executor.parallel:run_until_complete
[5.865s] INFO:colcon.colcon_ros.task.ament_python.build:Building ROS package in '/home/jedld/ros2_foxy/src/raspbot_ros2/raspbot_hw' with build type 'ament_python'
[5.865s] Level 1:colcon.colcon_core.shell:create_environment_hook('raspbot_hw', 'ament_prefix_path')
[5.891s] INFO:colcon.colcon_core.plugin_system:Skipping extension 'colcon_core.shell.bat': Not used on non-Windows systems
[5.891s] INFO:colcon.colcon_core.shell:Creating environment hook '/home/jedld/ros2_foxy/src/raspbot_ros2/install/raspbot_hw/share/raspbot_hw/hook/ament_prefix_path.ps1'
[5.897s] INFO:colcon.colcon_core.shell:Creating environment descriptor '/home/jedld/ros2_foxy/src/raspbot_ros2/install/raspbot_hw/share/raspbot_hw/hook/ament_prefix_path.dsv'
[5.900s] INFO:colcon.colcon_core.shell:Creating environment hook '/home/jedld/ros2_foxy/src/raspbot_ros2/install/raspbot_hw/share/raspbot_hw/hook/ament_prefix_path.sh'
[5.906s] INFO:colcon.colcon_core.shell:Skip shell extension 'powershell' for command environment: Not usable outside of PowerShell
[5.906s] DEBUG:colcon.colcon_core.shell:Skip shell extension 'dsv' for command environment
[5.995s] INFO:colcon.colcon_ros.task.ament_python.build:Building ROS package in '/home/jedld/ros2_foxy/src/raspbot_ros2/raspbot_web_video' with build type 'ament_python'
[5.996s] Level 1:colcon.colcon_core.shell:create_environment_hook('raspbot_web_video', 'ament_prefix_path')
[5.996s] INFO:colcon.colcon_core.shell:Creating environment hook '/home/jedld/ros2_foxy/src/raspbot_ros2/install/raspbot_web_video/share/raspbot_web_video/hook/ament_prefix_path.ps1'
[5.998s] INFO:colcon.colcon_core.shell:Creating environment descriptor '/home/jedld/ros2_foxy/src/raspbot_ros2/install/raspbot_web_video/share/raspbot_web_video/hook/ament_prefix_path.dsv'
[6.003s] INFO:colcon.colcon_core.shell:Creating environment hook '/home/jedld/ros2_foxy/src/raspbot_ros2/install/raspbot_web_video/share/raspbot_web_video/hook/ament_prefix_path.sh'
[6.004s] INFO:colcon.colcon_core.shell:Skip shell extension 'powershell' for command environment: Not usable outside of PowerShell
[6.004s] DEBUG:colcon.colcon_core.shell:Skip shell extension 'dsv' for command environment
[7.397s] INFO:colcon.colcon_core.task.python.build:Building Python package in '/home/jedld/ros2_foxy/src/raspbot_ros2/raspbot_hw'
[7.398s] INFO:colcon.colcon_core.shell:Skip shell extension 'powershell' for command environment: Not usable outside of PowerShell
[7.398s] DEBUG:colcon.colcon_core.shell:Skip shell extension 'dsv' for command environment
[8.278s] INFO:colcon.colcon_core.task.python.build:Building Python package in '/home/jedld/ros2_foxy/src/raspbot_ros2/raspbot_web_video'
[8.279s] INFO:colcon.colcon_core.shell:Skip shell extension 'powershell' for command environment: Not usable outside of PowerShell
[8.279s] DEBUG:colcon.colcon_core.shell:Skip shell extension 'dsv' for command environment
[15.733s] DEBUG:colcon.colcon_core.event_handler.log_command:Invoking command in '/home/jedld/ros2_foxy/src/raspbot_ros2/raspbot_hw': PYTHONPATH=/home/jedld/ros2_foxy/src/raspbot_ros2/build/raspbot_hw/prefix_override:/usr/lib/python3/dist-packages/colcon_core/task/python/colcon_distutils_commands:/home/jedld/ros2_foxy/src/raspbot_ros2/install/raspbot_hw/lib/python3.12/site-packages:${PYTHONPATH} /usr/bin/python3 -W ignore:setup.py install is deprecated -W ignore:easy_install command is deprecated setup.py egg_info --egg-base ../build/raspbot_hw build --build-base /home/jedld/ros2_foxy/src/raspbot_ros2/build/raspbot_hw/build install --record /home/jedld/ros2_foxy/src/raspbot_ros2/build/raspbot_hw/install.log --single-version-externally-managed install_data
[15.945s] DEBUG:colcon.colcon_core.event_handler.log_command:Invoking command in '/home/jedld/ros2_foxy/src/raspbot_ros2/raspbot_web_video': PYTHONPATH=/home/jedld/ros2_foxy/src/raspbot_ros2/build/raspbot_web_video/prefix_override:/usr/lib/python3/dist-packages/colcon_core/task/python/colcon_distutils_commands:/home/jedld/ros2_foxy/src/raspbot_ros2/install/raspbot_web_video/lib/python3.12/site-packages:${PYTHONPATH} /usr/bin/python3 -W ignore:setup.py install is deprecated -W ignore:easy_install command is deprecated setup.py egg_info --egg-base ../build/raspbot_web_video build --build-base /home/jedld/ros2_foxy/src/raspbot_ros2/build/raspbot_web_video/build install --record /home/jedld/ros2_foxy/src/raspbot_ros2/build/raspbot_web_video/install.log --single-version-externally-managed install_data
[17.950s] DEBUG:colcon.colcon_core.event_handler.log_command:Invoked command in '/home/jedld/ros2_foxy/src/raspbot_ros2/raspbot_hw' returned '0': PYTHONPATH=/home/jedld/ros2_foxy/src/raspbot_ros2/build/raspbot_hw/prefix_override:/usr/lib/python3/dist-packages/colcon_core/task/python/colcon_distutils_commands:/home/jedld/ros2_foxy/src/raspbot_ros2/install/raspbot_hw/lib/python3.12/site-packages:${PYTHONPATH} /usr/bin/python3 -W ignore:setup.py install is deprecated -W ignore:easy_install command is deprecated setup.py egg_info --egg-base ../build/raspbot_hw build --build-base /home/jedld/ros2_foxy/src/raspbot_ros2/build/raspbot_hw/build install --record /home/jedld/ros2_foxy/src/raspbot_ros2/build/raspbot_hw/install.log --single-version-externally-managed install_data
[17.983s] Level 1:colcon.colcon_core.environment:checking '/home/jedld/ros2_foxy/src/raspbot_ros2/install/raspbot_hw' for CMake module files
[17.984s] Level 1:colcon.colcon_core.environment:checking '/home/jedld/ros2_foxy/src/raspbot_ros2/install/raspbot_hw' for CMake config files
[17.987s] Level 1:colcon.colcon_core.environment:checking '/home/jedld/ros2_foxy/src/raspbot_ros2/install/raspbot_hw/lib'
[17.988s] Level 1:colcon.colcon_core.environment:checking '/home/jedld/ros2_foxy/src/raspbot_ros2/install/raspbot_hw/bin'
[17.988s] Level 1:colcon.colcon_core.environment:checking '/home/jedld/ros2_foxy/src/raspbot_ros2/install/raspbot_hw/lib/pkgconfig/raspbot_hw.pc'
[17.990s] Level 1:colcon.colcon_core.environment:checking '/home/jedld/ros2_foxy/src/raspbot_ros2/install/raspbot_hw/lib/python3.12/site-packages'
[17.990s] Level 1:colcon.colcon_core.shell:create_environment_hook('raspbot_hw', 'pythonpath')
[17.991s] INFO:colcon.colcon_core.shell:Creating environment hook '/home/jedld/ros2_foxy/src/raspbot_ros2/install/raspbot_hw/share/raspbot_hw/hook/pythonpath.ps1'
[17.992s] INFO:colcon.colcon_core.shell:Creating environment descriptor '/home/jedld/ros2_foxy/src/raspbot_ros2/install/raspbot_hw/share/raspbot_hw/hook/pythonpath.dsv'
[17.994s] INFO:colcon.colcon_core.shell:Creating environment hook '/home/jedld/ros2_foxy/src/raspbot_ros2/install/raspbot_hw/share/raspbot_hw/hook/pythonpath.sh'
[18.000s] Level 1:colcon.colcon_core.environment:checking '/home/jedld/ros2_foxy/src/raspbot_ros2/install/raspbot_hw/bin'
[18.000s] Level 1:colcon.colcon_core.environment:create_environment_scripts_only(raspbot_hw)
[18.001s] INFO:colcon.colcon_core.shell:Creating package script '/home/jedld/ros2_foxy/src/raspbot_ros2/install/raspbot_hw/share/raspbot_hw/package.ps1'
[18.004s] INFO:colcon.colcon_core.shell:Creating package descriptor '/home/jedld/ros2_foxy/src/raspbot_ros2/install/raspbot_hw/share/raspbot_hw/package.dsv'
[18.007s] INFO:colcon.colcon_core.shell:Creating package script '/home/jedld/ros2_foxy/src/raspbot_ros2/install/raspbot_hw/share/raspbot_hw/package.sh'
[18.012s] INFO:colcon.colcon_core.shell:Creating package script '/home/jedld/ros2_foxy/src/raspbot_ros2/install/raspbot_hw/share/raspbot_hw/package.bash'
[18.018s] INFO:colcon.colcon_core.shell:Creating package script '/home/jedld/ros2_foxy/src/raspbot_ros2/install/raspbot_hw/share/raspbot_hw/package.zsh'
[18.025s] Level 1:colcon.colcon_core.environment:create_file_with_runtime_dependencies(/home/jedld/ros2_foxy/src/raspbot_ros2/install/raspbot_hw/share/colcon-core/packages/raspbot_hw)
[18.177s] Level 1:colcon.colcon_core.environment:checking '/home/jedld/ros2_foxy/src/raspbot_ros2/install/raspbot_web_video' for CMake module files
[18.178s] DEBUG:colcon.colcon_core.event_handler.log_command:Invoked command in '/home/jedld/ros2_foxy/src/raspbot_ros2/raspbot_web_video' returned '0': PYTHONPATH=/home/jedld/ros2_foxy/src/raspbot_ros2/build/raspbot_web_video/prefix_override:/usr/lib/python3/dist-packages/colcon_core/task/python/colcon_distutils_commands:/home/jedld/ros2_foxy/src/raspbot_ros2/install/raspbot_web_video/lib/python3.12/site-packages:${PYTHONPATH} /usr/bin/python3 -W ignore:setup.py install is deprecated -W ignore:easy_install command is deprecated setup.py egg_info --egg-base ../build/raspbot_web_video build --build-base /home/jedld/ros2_foxy/src/raspbot_ros2/build/raspbot_web_video/build install --record /home/jedld/ros2_foxy/src/raspbot_ros2/build/raspbot_web_video/install.log --single-version-externally-managed install_data
[18.184s] Level 1:colcon.colcon_core.environment:checking '/home/jedld/ros2_foxy/src/raspbot_ros2/install/raspbot_web_video' for CMake config files
[18.189s] Level 1:colcon.colcon_core.environment:checking '/home/jedld/ros2_foxy/src/raspbot_ros2/install/raspbot_web_video/lib'
[18.190s] Level 1:colcon.colcon_core.environment:checking '/home/jedld/ros2_foxy/src/raspbot_ros2/install/raspbot_web_video/bin'
[18.190s] Level 1:colcon.colcon_core.environment:checking '/home/jedld/ros2_foxy/src/raspbot_ros2/install/raspbot_web_video/lib/pkgconfig/raspbot_web_video.pc'
[18.190s] Level 1:colcon.colcon_core.environment:checking '/home/jedld/ros2_foxy/src/raspbot_ros2/install/raspbot_web_video/lib/python3.12/site-packages'
[18.190s] Level 1:colcon.colcon_core.shell:create_environment_hook('raspbot_web_video', 'pythonpath')
[18.191s] INFO:colcon.colcon_core.shell:Creating environment hook '/home/jedld/ros2_foxy/src/raspbot_ros2/install/raspbot_web_video/share/raspbot_web_video/hook/pythonpath.ps1'
[18.191s] INFO:colcon.colcon_core.shell:Creating environment descriptor '/home/jedld/ros2_foxy/src/raspbot_ros2/install/raspbot_web_video/share/raspbot_web_video/hook/pythonpath.dsv'
[18.192s] INFO:colcon.colcon_core.shell:Creating environment hook '/home/jedld/ros2_foxy/src/raspbot_ros2/install/raspbot_web_video/share/raspbot_web_video/hook/pythonpath.sh'
[18.195s] Level 1:colcon.colcon_core.environment:checking '/home/jedld/ros2_foxy/src/raspbot_ros2/install/raspbot_web_video/bin'
[18.195s] Level 1:colcon.colcon_core.environment:create_environment_scripts_only(raspbot_web_video)
[18.196s] INFO:colcon.colcon_core.shell:Creating package script '/home/jedld/ros2_foxy/src/raspbot_ros2/install/raspbot_web_video/share/raspbot_web_video/package.ps1'
[18.197s] INFO:colcon.colcon_core.shell:Creating package descriptor '/home/jedld/ros2_foxy/src/raspbot_ros2/install/raspbot_web_video/share/raspbot_web_video/package.dsv'
[18.198s] INFO:colcon.colcon_core.shell:Creating package script '/home/jedld/ros2_foxy/src/raspbot_ros2/install/raspbot_web_video/share/raspbot_web_video/package.sh'
[18.199s] INFO:colcon.colcon_core.shell:Creating package script '/home/jedld/ros2_foxy/src/raspbot_ros2/install/raspbot_web_video/share/raspbot_web_video/package.bash'
[18.228s] INFO:colcon.colcon_core.shell:Creating package script '/home/jedld/ros2_foxy/src/raspbot_ros2/install/raspbot_web_video/share/raspbot_web_video/package.zsh'
[18.511s] Level 1:colcon.colcon_core.environment:create_file_with_runtime_dependencies(/home/jedld/ros2_foxy/src/raspbot_ros2/install/raspbot_web_video/share/colcon-core/packages/raspbot_web_video)
[18.513s] DEBUG:colcon.colcon_parallel_executor.executor.parallel:closing loop
[18.514s] DEBUG:colcon.colcon_parallel_executor.executor.parallel:loop closed
[18.515s] DEBUG:colcon.colcon_parallel_executor.executor.parallel:run_until_complete finished with '0'
[18.515s] DEBUG:colcon.colcon_core.event_reactor:joining thread
[18.568s] INFO:colcon.colcon_core.plugin_system:Skipping extension 'colcon_notification.desktop_notification.notify_send': Could not find 'notify-send'
[18.568s] INFO:colcon.colcon_core.plugin_system:Skipping extension 'colcon_notification.desktop_notification.terminal_notifier': Not used on non-Darwin systems
[18.568s] INFO:colcon.colcon_core.plugin_system:Skipping extension 'colcon_notification.desktop_notification.win32': Not used on non-Windows systems
[18.568s] INFO:colcon.colcon_notification.desktop_notification:Sending desktop notification using 'notify2'
[18.571s] DEBUG:colcon.colcon_notification.desktop_notification.notify2:Failed to initialize notify2: org.freedesktop.DBus.Error.ServiceUnknown: The name org.freedesktop.Notifications was not provided by any .service files
[18.572s] DEBUG:colcon.colcon_core.event_reactor:joined thread
[18.572s] INFO:colcon.colcon_core.shell:Creating prefix script '/home/jedld/ros2_foxy/src/raspbot_ros2/install/local_setup.ps1'
[18.574s] INFO:colcon.colcon_core.shell:Creating prefix util module '/home/jedld/ros2_foxy/src/raspbot_ros2/install/_local_setup_util_ps1.py'
[18.577s] INFO:colcon.colcon_core.shell:Creating prefix chain script '/home/jedld/ros2_foxy/src/raspbot_ros2/install/setup.ps1'
[18.603s] INFO:colcon.colcon_core.shell:Creating prefix script '/home/jedld/ros2_foxy/src/raspbot_ros2/install/local_setup.sh'
[18.607s] INFO:colcon.colcon_core.shell:Creating prefix util module '/home/jedld/ros2_foxy/src/raspbot_ros2/install/_local_setup_util_sh.py'
[18.609s] INFO:colcon.colcon_core.shell:Creating prefix chain script '/home/jedld/ros2_foxy/src/raspbot_ros2/install/setup.sh'
[18.629s] INFO:colcon.colcon_core.shell:Creating prefix script '/home/jedld/ros2_foxy/src/raspbot_ros2/install/local_setup.bash'
[18.632s] INFO:colcon.colcon_core.shell:Creating prefix chain script '/home/jedld/ros2_foxy/src/raspbot_ros2/install/setup.bash'
[18.654s] INFO:colcon.colcon_core.shell:Creating prefix script '/home/jedld/ros2_foxy/src/raspbot_ros2/install/local_setup.zsh'
[18.657s] INFO:colcon.colcon_core.shell:Creating prefix chain script '/home/jedld/ros2_foxy/src/raspbot_ros2/install/setup.zsh'
