[0.347s] DEBUG:colcon:Command line arguments: ['/usr/bin/colcon', 'build', '--packages-select', 'raspbot_hw', '--symlink-install', '--allow-overriding', 'raspbot_hw']
[0.347s] DEBUG:colcon:Parsed command line arguments: Namespace(log_base=None, log_level=None, verb_name='build', build_base='build', install_base='install', merge_install=False, symlink_install=True, test_result_base=None, continue_on_error=False, executor='parallel', parallel_workers=4, event_handlers=None, ignore_user_meta=False, metas=['./colcon.meta'], base_paths=['.'], packages_ignore=None, packages_ignore_regex=None, paths=None, packages_up_to=None, packages_up_to_regex=None, packages_above=None, packages_above_and_dependencies=None, packages_above_depth=None, packages_select_by_dep=None, packages_skip_by_dep=None, packages_skip_up_to=None, packages_select_build_failed=False, packages_skip_build_finished=False, packages_select_test_failures=False, packages_skip_test_passed=False, packages_select=['raspbot_hw'], packages_skip=None, packages_select_regex=None, packages_skip_regex=None, packages_start=None, packages_end=None, allow_overriding=['raspbot_hw'], cmake_args=None, cmake_target=None, cmake_target_skip_unavailable=False, cmake_clean_cache=False, cmake_clean_first=False, cmake_force_configure=False, ament_cmake_args=None, catkin_cmake_args=None, catkin_skip_building_tests=False, mixin_files=None, mixin=None, verb_parser=<colcon_mixin.mixin.mixin_argument.MixinArgumentDecorator object at 0xffff819119a0>, verb_extension=<colcon_core.verb.build.BuildVerb object at 0xffff818c7fe0>, main=<bound method BuildVerb.main of <colcon_core.verb.build.BuildVerb object at 0xffff818c7fe0>>, mixin_verb=('build',))
[0.434s] Level 1:colcon.colcon_core.package_discovery:discover_packages(colcon_meta) check parameters
[0.435s] Level 1:colcon.colcon_core.package_discovery:discover_packages(recursive) check parameters
[0.435s] Level 1:colcon.colcon_core.package_discovery:discover_packages(ignore) check parameters
[0.435s] Level 1:colcon.colcon_core.package_discovery:discover_packages(path) check parameters
[0.435s] Level 1:colcon.colcon_core.package_discovery:discover_packages(colcon_meta) discover
[0.435s] Level 1:colcon.colcon_core.package_discovery:discover_packages(recursive) discover
[0.435s] INFO:colcon.colcon_core.package_discovery:Crawling recursively for packages in '/home/jedld/ros2_foxy/src/raspbot_ros2'
[0.435s] Level 1:colcon.colcon_core.package_identification:_identify(.) by extensions ['ignore', 'ignore_ament_install']
[0.435s] Level 1:colcon.colcon_core.package_identification:_identify(.) by extension 'ignore'
[0.435s] Level 1:colcon.colcon_core.package_identification:_identify(.) by extension 'ignore_ament_install'
[0.435s] Level 1:colcon.colcon_core.package_identification:_identify(.) by extensions ['colcon_pkg']
[0.435s] Level 1:colcon.colcon_core.package_identification:_identify(.) by extension 'colcon_pkg'
[0.435s] Level 1:colcon.colcon_core.package_identification:_identify(.) by extensions ['colcon_meta']
[0.435s] Level 1:colcon.colcon_core.package_identification:_identify(.) by extension 'colcon_meta'
[0.435s] Level 1:colcon.colcon_core.package_identification:_identify(.) by extensions ['ros']
[0.435s] Level 1:colcon.colcon_core.package_identification:_identify(.) by extension 'ros'
[0.481s] Level 1:colcon.colcon_core.package_identification:_identify(.) by extensions ['cmake', 'python']
[0.481s] Level 1:colcon.colcon_core.package_identification:_identify(.) by extension 'cmake'
[0.481s] Level 1:colcon.colcon_core.package_identification:_identify(.) by extension 'python'
[0.481s] Level 1:colcon.colcon_core.package_identification:_identify(.) by extensions ['python_setup_py']
[0.481s] Level 1:colcon.colcon_core.package_identification:_identify(.) by extension 'python_setup_py'
[0.481s] Level 1:colcon.colcon_core.package_identification:_identify(bin) by extensions ['ignore', 'ignore_ament_install']
[0.482s] Level 1:colcon.colcon_core.package_identification:_identify(bin) by extension 'ignore'
[0.482s] Level 1:colcon.colcon_core.package_identification:_identify(bin) by extension 'ignore_ament_install'
[0.482s] Level 1:colcon.colcon_core.package_identification:_identify(bin) by extensions ['colcon_pkg']
[0.482s] Level 1:colcon.colcon_core.package_identification:_identify(bin) by extension 'colcon_pkg'
[0.482s] Level 1:colcon.colcon_core.package_identification:_identify(bin) by extensions ['colcon_meta']
[0.482s] Level 1:colcon.colcon_core.package_identification:_identify(bin) by extension 'colcon_meta'
[0.482s] Level 1:colcon.colcon_core.package_identification:_identify(bin) by extensions ['ros']
[0.482s] Level 1:colcon.colcon_core.package_identification:_identify(bin) by extension 'ros'
[0.482s] Level 1:colcon.colcon_core.package_identification:_identify(bin) by extensions ['cmake', 'python']
[0.482s] Level 1:colcon.colcon_core.package_identification:_identify(bin) by extension 'cmake'
[0.482s] Level 1:colcon.colcon_core.package_identification:_identify(bin) by extension 'python'
[0.482s] Level 1:colcon.colcon_core.package_identification:_identify(bin) by extensions ['python_setup_py']
[0.482s] Level 1:colcon.colcon_core.package_identification:_identify(bin) by extension 'python_setup_py'
[0.482s] Level 1:colcon.colcon_core.package_identification:_identify(build) by extensions ['ignore', 'ignore_ament_install']
[0.482s] Level 1:colcon.colcon_core.package_identification:_identify(build) by extension 'ignore'
[0.482s] Level 1:colcon.colcon_core.package_identification:_identify(build) ignored
[0.483s] Level 1:colcon.colcon_core.package_identification:_identify(firmware) by extensions ['ignore', 'ignore_ament_install']
[0.483s] Level 1:colcon.colcon_core.package_identification:_identify(firmware) by extension 'ignore'
[0.483s] Level 1:colcon.colcon_core.package_identification:_identify(firmware) by extension 'ignore_ament_install'
[0.483s] Level 1:colcon.colcon_core.package_identification:_identify(firmware) by extensions ['colcon_pkg']
[0.483s] Level 1:colcon.colcon_core.package_identification:_identify(firmware) by extension 'colcon_pkg'
[0.483s] Level 1:colcon.colcon_core.package_identification:_identify(firmware) by extensions ['colcon_meta']
[0.483s] Level 1:colcon.colcon_core.package_identification:_identify(firmware) by extension 'colcon_meta'
[0.483s] Level 1:colcon.colcon_core.package_identification:_identify(firmware) by extensions ['ros']
[0.483s] Level 1:colcon.colcon_core.package_identification:_identify(firmware) by extension 'ros'
[0.483s] Level 1:colcon.colcon_core.package_identification:_identify(firmware) by extensions ['cmake', 'python']
[0.483s] Level 1:colcon.colcon_core.package_identification:_identify(firmware) by extension 'cmake'
[0.483s] Level 1:colcon.colcon_core.package_identification:_identify(firmware) by extension 'python'
[0.483s] Level 1:colcon.colcon_core.package_identification:_identify(firmware) by extensions ['python_setup_py']
[0.483s] Level 1:colcon.colcon_core.package_identification:_identify(firmware) by extension 'python_setup_py'
[0.483s] Level 1:colcon.colcon_core.package_identification:_identify(firmware/arduino_nano_rp2040) by extensions ['ignore', 'ignore_ament_install']
[0.483s] Level 1:colcon.colcon_core.package_identification:_identify(firmware/arduino_nano_rp2040) by extension 'ignore'
[0.483s] Level 1:colcon.colcon_core.package_identification:_identify(firmware/arduino_nano_rp2040) by extension 'ignore_ament_install'
[0.483s] Level 1:colcon.colcon_core.package_identification:_identify(firmware/arduino_nano_rp2040) by extensions ['colcon_pkg']
[0.483s] Level 1:colcon.colcon_core.package_identification:_identify(firmware/arduino_nano_rp2040) by extension 'colcon_pkg'
[0.483s] Level 1:colcon.colcon_core.package_identification:_identify(firmware/arduino_nano_rp2040) by extensions ['colcon_meta']
[0.484s] Level 1:colcon.colcon_core.package_identification:_identify(firmware/arduino_nano_rp2040) by extension 'colcon_meta'
[0.484s] Level 1:colcon.colcon_core.package_identification:_identify(firmware/arduino_nano_rp2040) by extensions ['ros']
[0.484s] Level 1:colcon.colcon_core.package_identification:_identify(firmware/arduino_nano_rp2040) by extension 'ros'
[0.484s] Level 1:colcon.colcon_core.package_identification:_identify(firmware/arduino_nano_rp2040) by extensions ['cmake', 'python']
[0.484s] Level 1:colcon.colcon_core.package_identification:_identify(firmware/arduino_nano_rp2040) by extension 'cmake'
[0.484s] Level 1:colcon.colcon_core.package_identification:_identify(firmware/arduino_nano_rp2040) by extension 'python'
[0.484s] Level 1:colcon.colcon_core.package_identification:_identify(firmware/arduino_nano_rp2040) by extensions ['python_setup_py']
[0.484s] Level 1:colcon.colcon_core.package_identification:_identify(firmware/arduino_nano_rp2040) by extension 'python_setup_py'
[0.484s] Level 1:colcon.colcon_core.package_identification:_identify(firmware/arduino_nano_rp2040/raspbot_imu_bridge) by extensions ['ignore', 'ignore_ament_install']
[0.484s] Level 1:colcon.colcon_core.package_identification:_identify(firmware/arduino_nano_rp2040/raspbot_imu_bridge) by extension 'ignore'
[0.484s] Level 1:colcon.colcon_core.package_identification:_identify(firmware/arduino_nano_rp2040/raspbot_imu_bridge) by extension 'ignore_ament_install'
[0.484s] Level 1:colcon.colcon_core.package_identification:_identify(firmware/arduino_nano_rp2040/raspbot_imu_bridge) by extensions ['colcon_pkg']
[0.484s] Level 1:colcon.colcon_core.package_identification:_identify(firmware/arduino_nano_rp2040/raspbot_imu_bridge) by extension 'colcon_pkg'
[0.484s] Level 1:colcon.colcon_core.package_identification:_identify(firmware/arduino_nano_rp2040/raspbot_imu_bridge) by extensions ['colcon_meta']
[0.484s] Level 1:colcon.colcon_core.package_identification:_identify(firmware/arduino_nano_rp2040/raspbot_imu_bridge) by extension 'colcon_meta'
[0.484s] Level 1:colcon.colcon_core.package_identification:_identify(firmware/arduino_nano_rp2040/raspbot_imu_bridge) by extensions ['ros']
[0.484s] Level 1:colcon.colcon_core.package_identification:_identify(firmware/arduino_nano_rp2040/raspbot_imu_bridge) by extension 'ros'
[0.484s] Level 1:colcon.colcon_core.package_identification:_identify(firmware/arduino_nano_rp2040/raspbot_imu_bridge) by extensions ['cmake', 'python']
[0.484s] Level 1:colcon.colcon_core.package_identification:_identify(firmware/arduino_nano_rp2040/raspbot_imu_bridge) by extension 'cmake'
[0.484s] Level 1:colcon.colcon_core.package_identification:_identify(firmware/arduino_nano_rp2040/raspbot_imu_bridge) by extension 'python'
[0.484s] Level 1:colcon.colcon_core.package_identification:_identify(firmware/arduino_nano_rp2040/raspbot_imu_bridge) by extensions ['python_setup_py']
[0.485s] Level 1:colcon.colcon_core.package_identification:_identify(firmware/arduino_nano_rp2040/raspbot_imu_bridge) by extension 'python_setup_py'
[0.485s] Level 1:colcon.colcon_core.package_identification:_identify(install) by extensions ['ignore', 'ignore_ament_install']
[0.485s] Level 1:colcon.colcon_core.package_identification:_identify(install) by extension 'ignore'
[0.485s] Level 1:colcon.colcon_core.package_identification:_identify(install) ignored
[0.485s] Level 1:colcon.colcon_core.package_identification:_identify(log) by extensions ['ignore', 'ignore_ament_install']
[0.485s] Level 1:colcon.colcon_core.package_identification:_identify(log) by extension 'ignore'
[0.485s] Level 1:colcon.colcon_core.package_identification:_identify(log) ignored
[0.485s] Level 1:colcon.colcon_core.package_identification:_identify(raspbot_bringup) by extensions ['ignore', 'ignore_ament_install']
[0.485s] Level 1:colcon.colcon_core.package_identification:_identify(raspbot_bringup) by extension 'ignore'
[0.485s] Level 1:colcon.colcon_core.package_identification:_identify(raspbot_bringup) by extension 'ignore_ament_install'
[0.485s] Level 1:colcon.colcon_core.package_identification:_identify(raspbot_bringup) by extensions ['colcon_pkg']
[0.485s] Level 1:colcon.colcon_core.package_identification:_identify(raspbot_bringup) by extension 'colcon_pkg'
[0.485s] Level 1:colcon.colcon_core.package_identification:_identify(raspbot_bringup) by extensions ['colcon_meta']
[0.485s] Level 1:colcon.colcon_core.package_identification:_identify(raspbot_bringup) by extension 'colcon_meta'
[0.485s] Level 1:colcon.colcon_core.package_identification:_identify(raspbot_bringup) by extensions ['ros']
[0.485s] Level 1:colcon.colcon_core.package_identification:_identify(raspbot_bringup) by extension 'ros'
[0.490s] DEBUG:colcon.colcon_core.package_identification:Package 'raspbot_bringup' with type 'ros.ament_python' and name 'raspbot_bringup'
[0.490s] Level 1:colcon.colcon_core.package_identification:_identify(raspbot_hailo_tracking) by extensions ['ignore', 'ignore_ament_install']
[0.490s] Level 1:colcon.colcon_core.package_identification:_identify(raspbot_hailo_tracking) by extension 'ignore'
[0.490s] Level 1:colcon.colcon_core.package_identification:_identify(raspbot_hailo_tracking) by extension 'ignore_ament_install'
[0.490s] Level 1:colcon.colcon_core.package_identification:_identify(raspbot_hailo_tracking) by extensions ['colcon_pkg']
[0.490s] Level 1:colcon.colcon_core.package_identification:_identify(raspbot_hailo_tracking) by extension 'colcon_pkg'
[0.490s] Level 1:colcon.colcon_core.package_identification:_identify(raspbot_hailo_tracking) by extensions ['colcon_meta']
[0.490s] Level 1:colcon.colcon_core.package_identification:_identify(raspbot_hailo_tracking) by extension 'colcon_meta'
[0.490s] Level 1:colcon.colcon_core.package_identification:_identify(raspbot_hailo_tracking) by extensions ['ros']
[0.490s] Level 1:colcon.colcon_core.package_identification:_identify(raspbot_hailo_tracking) by extension 'ros'
[0.491s] DEBUG:colcon.colcon_core.package_identification:Package 'raspbot_hailo_tracking' with type 'ros.ament_cmake' and name 'raspbot_hailo_tracking'
[0.492s] Level 1:colcon.colcon_core.package_identification:_identify(raspbot_hw) by extensions ['ignore', 'ignore_ament_install']
[0.492s] Level 1:colcon.colcon_core.package_identification:_identify(raspbot_hw) by extension 'ignore'
[0.492s] Level 1:colcon.colcon_core.package_identification:_identify(raspbot_hw) by extension 'ignore_ament_install'
[0.492s] Level 1:colcon.colcon_core.package_identification:_identify(raspbot_hw) by extensions ['colcon_pkg']
[0.492s] Level 1:colcon.colcon_core.package_identification:_identify(raspbot_hw) by extension 'colcon_pkg'
[0.492s] Level 1:colcon.colcon_core.package_identification:_identify(raspbot_hw) by extensions ['colcon_meta']
[0.492s] Level 1:colcon.colcon_core.package_identification:_identify(raspbot_hw) by extension 'colcon_meta'
[0.492s] Level 1:colcon.colcon_core.package_identification:_identify(raspbot_hw) by extensions ['ros']
[0.492s] Level 1:colcon.colcon_core.package_identification:_identify(raspbot_hw) by extension 'ros'
[0.493s] DEBUG:colcon.colcon_core.package_identification:Package 'raspbot_hw' with type 'ros.ament_python' and name 'raspbot_hw'
[0.493s] Level 1:colcon.colcon_core.package_identification:_identify(raspbot_teleop) by extensions ['ignore', 'ignore_ament_install']
[0.494s] Level 1:colcon.colcon_core.package_identification:_identify(raspbot_teleop) by extension 'ignore'
[0.494s] Level 1:colcon.colcon_core.package_identification:_identify(raspbot_teleop) by extension 'ignore_ament_install'
[0.494s] Level 1:colcon.colcon_core.package_identification:_identify(raspbot_teleop) by extensions ['colcon_pkg']
[0.494s] Level 1:colcon.colcon_core.package_identification:_identify(raspbot_teleop) by extension 'colcon_pkg'
[0.494s] Level 1:colcon.colcon_core.package_identification:_identify(raspbot_teleop) by extensions ['colcon_meta']
[0.494s] Level 1:colcon.colcon_core.package_identification:_identify(raspbot_teleop) by extension 'colcon_meta'
[0.494s] Level 1:colcon.colcon_core.package_identification:_identify(raspbot_teleop) by extensions ['ros']
[0.494s] Level 1:colcon.colcon_core.package_identification:_identify(raspbot_teleop) by extension 'ros'
[0.495s] DEBUG:colcon.colcon_core.package_identification:Package 'raspbot_teleop' with type 'ros.ament_python' and name 'raspbot_teleop'
[0.495s] Level 1:colcon.colcon_core.package_identification:_identify(raspbot_web_video) by extensions ['ignore', 'ignore_ament_install']
[0.495s] Level 1:colcon.colcon_core.package_identification:_identify(raspbot_web_video) by extension 'ignore'
[0.495s] Level 1:colcon.colcon_core.package_identification:_identify(raspbot_web_video) by extension 'ignore_ament_install'
[0.495s] Level 1:colcon.colcon_core.package_identification:_identify(raspbot_web_video) by extensions ['colcon_pkg']
[0.495s] Level 1:colcon.colcon_core.package_identification:_identify(raspbot_web_video) by extension 'colcon_pkg'
[0.495s] Level 1:colcon.colcon_core.package_identification:_identify(raspbot_web_video) by extensions ['colcon_meta']
[0.495s] Level 1:colcon.colcon_core.package_identification:_identify(raspbot_web_video) by extension 'colcon_meta'
[0.495s] Level 1:colcon.colcon_core.package_identification:_identify(raspbot_web_video) by extensions ['ros']
[0.495s] Level 1:colcon.colcon_core.package_identification:_identify(raspbot_web_video) by extension 'ros'
[0.496s] DEBUG:colcon.colcon_core.package_identification:Package 'raspbot_web_video' with type 'ros.ament_python' and name 'raspbot_web_video'
[0.496s] Level 1:colcon.colcon_core.package_discovery:discover_packages(recursive) using defaults
[0.496s] Level 1:colcon.colcon_core.package_discovery:discover_packages(ignore) discover
[0.496s] Level 1:colcon.colcon_core.package_discovery:discover_packages(ignore) using defaults
[0.496s] Level 1:colcon.colcon_core.package_discovery:discover_packages(path) discover
[0.496s] Level 1:colcon.colcon_core.package_discovery:discover_packages(path) using defaults
[0.543s] INFO:colcon.colcon_core.package_selection:Skipping not selected package 'raspbot_hailo_tracking' in 'raspbot_hailo_tracking'
[0.543s] INFO:colcon.colcon_core.package_selection:Skipping not selected package 'raspbot_teleop' in 'raspbot_teleop'
[0.543s] INFO:colcon.colcon_core.package_selection:Skipping not selected package 'raspbot_web_video' in 'raspbot_web_video'
[0.543s] INFO:colcon.colcon_core.package_selection:Skipping not selected package 'raspbot_bringup' in 'raspbot_bringup'
[0.544s] Level 1:colcon.colcon_core.package_discovery:discover_packages(prefix_path) check parameters
[0.544s] Level 1:colcon.colcon_core.package_discovery:discover_packages(prefix_path) discover
[0.575s] DEBUG:colcon.colcon_installed_package_information.package_discovery:Found 289 installed packages in /home/jedld/ros2_foxy/install
[0.577s] DEBUG:colcon.colcon_installed_package_information.package_discovery:Found 3 installed packages in /home/jedld/ros2_foxy/src/raspbot_ros2/install
[0.577s] Level 1:colcon.colcon_core.package_discovery:discover_packages(prefix_path) using defaults
[0.613s] Level 5:colcon.colcon_core.verb:set package 'raspbot_hw' build argument 'cmake_args' from command line to 'None'
[0.613s] Level 5:colcon.colcon_core.verb:set package 'raspbot_hw' build argument 'cmake_target' from command line to 'None'
[0.614s] Level 5:colcon.colcon_core.verb:set package 'raspbot_hw' build argument 'cmake_target_skip_unavailable' from command line to 'False'
[0.614s] Level 5:colcon.colcon_core.verb:set package 'raspbot_hw' build argument 'cmake_clean_cache' from command line to 'False'
[0.614s] Level 5:colcon.colcon_core.verb:set package 'raspbot_hw' build argument 'cmake_clean_first' from command line to 'False'
[0.614s] Level 5:colcon.colcon_core.verb:set package 'raspbot_hw' build argument 'cmake_force_configure' from command line to 'False'
[0.614s] Level 5:colcon.colcon_core.verb:set package 'raspbot_hw' build argument 'ament_cmake_args' from command line to 'None'
[0.614s] Level 5:colcon.colcon_core.verb:set package 'raspbot_hw' build argument 'catkin_cmake_args' from command line to 'None'
[0.614s] Level 5:colcon.colcon_core.verb:set package 'raspbot_hw' build argument 'catkin_skip_building_tests' from command line to 'False'
[0.614s] DEBUG:colcon.colcon_core.verb:Building package 'raspbot_hw' with the following arguments: {'ament_cmake_args': None, 'build_base': '/home/jedld/ros2_foxy/src/raspbot_ros2/build/raspbot_hw', 'catkin_cmake_args': None, 'catkin_skip_building_tests': False, 'cmake_args': None, 'cmake_clean_cache': False, 'cmake_clean_first': False, 'cmake_force_configure': False, 'cmake_target': None, 'cmake_target_skip_unavailable': False, 'install_base': '/home/jedld/ros2_foxy/src/raspbot_ros2/install/raspbot_hw', 'merge_install': False, 'path': '/home/jedld/ros2_foxy/src/raspbot_ros2/raspbot_hw', 'symlink_install': True, 'test_result_base': None}
[0.614s] INFO:colcon.colcon_core.executor:Executing jobs using 'parallel' executor
[0.615s] DEBUG:colcon.colcon_parallel_executor.executor.parallel:run_until_complete
[0.616s] INFO:colcon.colcon_ros.task.ament_python.build:Building ROS package in '/home/jedld/ros2_foxy/src/raspbot_ros2/raspbot_hw' with build type 'ament_python'
[0.616s] Level 1:colcon.colcon_core.shell:create_environment_hook('raspbot_hw', 'ament_prefix_path')
[0.627s] INFO:colcon.colcon_core.plugin_system:Skipping extension 'colcon_core.shell.bat': Not used on non-Windows systems
[0.627s] INFO:colcon.colcon_core.shell:Creating environment hook '/home/jedld/ros2_foxy/src/raspbot_ros2/install/raspbot_hw/share/raspbot_hw/hook/ament_prefix_path.ps1'
[0.628s] INFO:colcon.colcon_core.shell:Creating environment descriptor '/home/jedld/ros2_foxy/src/raspbot_ros2/install/raspbot_hw/share/raspbot_hw/hook/ament_prefix_path.dsv'
[0.630s] INFO:colcon.colcon_core.shell:Creating environment hook '/home/jedld/ros2_foxy/src/raspbot_ros2/install/raspbot_hw/share/raspbot_hw/hook/ament_prefix_path.sh'
[0.631s] INFO:colcon.colcon_core.shell:Skip shell extension 'powershell' for command environment: Not usable outside of PowerShell
[0.632s] DEBUG:colcon.colcon_core.shell:Skip shell extension 'dsv' for command environment
[1.240s] INFO:colcon.colcon_core.task.python.build:Building Python package in '/home/jedld/ros2_foxy/src/raspbot_ros2/raspbot_hw'
[1.240s] INFO:colcon.colcon_core.shell:Skip shell extension 'powershell' for command environment: Not usable outside of PowerShell
[1.240s] DEBUG:colcon.colcon_core.shell:Skip shell extension 'dsv' for command environment
[2.732s] DEBUG:colcon.colcon_core.event_handler.log_command:Invoking command in '/home/jedld/ros2_foxy/src/raspbot_ros2/build/raspbot_hw': PYTHONPATH=/home/jedld/ros2_foxy/src/raspbot_ros2/build/raspbot_hw/prefix_override:/usr/lib/python3/dist-packages/colcon_core/task/python/colcon_distutils_commands:/home/jedld/ros2_foxy/src/raspbot_ros2/install/raspbot_hw/lib/python3.12/site-packages:${PYTHONPATH} /usr/bin/python3 -W ignore:setup.py install is deprecated -W ignore:easy_install command is deprecated setup.py develop --editable --build-directory /home/jedld/ros2_foxy/src/raspbot_ros2/build/raspbot_hw/build --no-deps symlink_data
[4.041s] Level 1:colcon.colcon_core.shell:create_environment_hook('raspbot_hw', 'pythonpath_develop')
[4.041s] INFO:colcon.colcon_core.shell:Creating environment hook '/home/jedld/ros2_foxy/src/raspbot_ros2/build/raspbot_hw/share/raspbot_hw/hook/pythonpath_develop.ps1'
[4.042s] DEBUG:colcon.colcon_core.event_handler.log_command:Invoked command in '/home/jedld/ros2_foxy/src/raspbot_ros2/build/raspbot_hw' returned '0': PYTHONPATH=/home/jedld/ros2_foxy/src/raspbot_ros2/build/raspbot_hw/prefix_override:/usr/lib/python3/dist-packages/colcon_core/task/python/colcon_distutils_commands:/home/jedld/ros2_foxy/src/raspbot_ros2/install/raspbot_hw/lib/python3.12/site-packages:${PYTHONPATH} /usr/bin/python3 -W ignore:setup.py install is deprecated -W ignore:easy_install command is deprecated setup.py develop --editable --build-directory /home/jedld/ros2_foxy/src/raspbot_ros2/build/raspbot_hw/build --no-deps symlink_data
[4.042s] INFO:colcon.colcon_core.shell:Creating environment descriptor '/home/jedld/ros2_foxy/src/raspbot_ros2/build/raspbot_hw/share/raspbot_hw/hook/pythonpath_develop.dsv'
[4.044s] INFO:colcon.colcon_core.shell:Creating environment hook '/home/jedld/ros2_foxy/src/raspbot_ros2/build/raspbot_hw/share/raspbot_hw/hook/pythonpath_develop.sh'
[4.055s] Level 1:colcon.colcon_core.environment:checking '/home/jedld/ros2_foxy/src/raspbot_ros2/install/raspbot_hw' for CMake module files
[4.056s] Level 1:colcon.colcon_core.environment:checking '/home/jedld/ros2_foxy/src/raspbot_ros2/install/raspbot_hw' for CMake config files
[4.057s] Level 1:colcon.colcon_core.environment:checking '/home/jedld/ros2_foxy/src/raspbot_ros2/install/raspbot_hw/lib'
[4.057s] Level 1:colcon.colcon_core.environment:checking '/home/jedld/ros2_foxy/src/raspbot_ros2/install/raspbot_hw/bin'
[4.057s] Level 1:colcon.colcon_core.environment:checking '/home/jedld/ros2_foxy/src/raspbot_ros2/install/raspbot_hw/lib/pkgconfig/raspbot_hw.pc'
[4.058s] Level 1:colcon.colcon_core.environment:checking '/home/jedld/ros2_foxy/src/raspbot_ros2/install/raspbot_hw/lib/python3.12/site-packages'
[4.058s] Level 1:colcon.colcon_core.shell:create_environment_hook('raspbot_hw', 'pythonpath')
[4.059s] INFO:colcon.colcon_core.shell:Creating environment hook '/home/jedld/ros2_foxy/src/raspbot_ros2/install/raspbot_hw/share/raspbot_hw/hook/pythonpath.ps1'
[4.060s] INFO:colcon.colcon_core.shell:Creating environment descriptor '/home/jedld/ros2_foxy/src/raspbot_ros2/install/raspbot_hw/share/raspbot_hw/hook/pythonpath.dsv'
[4.062s] INFO:colcon.colcon_core.shell:Creating environment hook '/home/jedld/ros2_foxy/src/raspbot_ros2/install/raspbot_hw/share/raspbot_hw/hook/pythonpath.sh'
[4.063s] Level 1:colcon.colcon_core.environment:checking '/home/jedld/ros2_foxy/src/raspbot_ros2/install/raspbot_hw/bin'
[4.063s] Level 1:colcon.colcon_core.environment:create_environment_scripts_only(raspbot_hw)
[4.063s] INFO:colcon.colcon_core.shell:Creating package script '/home/jedld/ros2_foxy/src/raspbot_ros2/install/raspbot_hw/share/raspbot_hw/package.ps1'
[4.065s] INFO:colcon.colcon_core.shell:Creating package descriptor '/home/jedld/ros2_foxy/src/raspbot_ros2/install/raspbot_hw/share/raspbot_hw/package.dsv'
[4.066s] INFO:colcon.colcon_core.shell:Creating package script '/home/jedld/ros2_foxy/src/raspbot_ros2/install/raspbot_hw/share/raspbot_hw/package.sh'
[4.067s] INFO:colcon.colcon_core.shell:Creating package script '/home/jedld/ros2_foxy/src/raspbot_ros2/install/raspbot_hw/share/raspbot_hw/package.bash'
[4.068s] INFO:colcon.colcon_core.shell:Creating package script '/home/jedld/ros2_foxy/src/raspbot_ros2/install/raspbot_hw/share/raspbot_hw/package.zsh'
[4.069s] Level 1:colcon.colcon_core.environment:create_file_with_runtime_dependencies(/home/jedld/ros2_foxy/src/raspbot_ros2/install/raspbot_hw/share/colcon-core/packages/raspbot_hw)
[4.070s] DEBUG:colcon.colcon_parallel_executor.executor.parallel:closing loop
[4.070s] DEBUG:colcon.colcon_parallel_executor.executor.parallel:loop closed
[4.070s] DEBUG:colcon.colcon_parallel_executor.executor.parallel:run_until_complete finished with '0'
[4.070s] DEBUG:colcon.colcon_core.event_reactor:joining thread
[4.088s] INFO:colcon.colcon_core.plugin_system:Skipping extension 'colcon_notification.desktop_notification.notify_send': Could not find 'notify-send'
[4.088s] INFO:colcon.colcon_core.plugin_system:Skipping extension 'colcon_notification.desktop_notification.terminal_notifier': Not used on non-Darwin systems
[4.088s] INFO:colcon.colcon_core.plugin_system:Skipping extension 'colcon_notification.desktop_notification.win32': Not used on non-Windows systems
[4.088s] INFO:colcon.colcon_notification.desktop_notification:Sending desktop notification using 'notify2'
[4.090s] DEBUG:colcon.colcon_notification.desktop_notification.notify2:Failed to initialize notify2: org.freedesktop.DBus.Error.ServiceUnknown: The name org.freedesktop.Notifications was not provided by any .service files
[4.090s] DEBUG:colcon.colcon_core.event_reactor:joined thread
[4.090s] INFO:colcon.colcon_core.shell:Creating prefix script '/home/jedld/ros2_foxy/src/raspbot_ros2/install/local_setup.ps1'
[4.092s] INFO:colcon.colcon_core.shell:Creating prefix util module '/home/jedld/ros2_foxy/src/raspbot_ros2/install/_local_setup_util_ps1.py'
[4.097s] INFO:colcon.colcon_core.shell:Creating prefix chain script '/home/jedld/ros2_foxy/src/raspbot_ros2/install/setup.ps1'
[4.113s] INFO:colcon.colcon_core.shell:Creating prefix script '/home/jedld/ros2_foxy/src/raspbot_ros2/install/local_setup.sh'
[4.115s] INFO:colcon.colcon_core.shell:Creating prefix util module '/home/jedld/ros2_foxy/src/raspbot_ros2/install/_local_setup_util_sh.py'
[4.116s] INFO:colcon.colcon_core.shell:Creating prefix chain script '/home/jedld/ros2_foxy/src/raspbot_ros2/install/setup.sh'
[4.132s] INFO:colcon.colcon_core.shell:Creating prefix script '/home/jedld/ros2_foxy/src/raspbot_ros2/install/local_setup.bash'
[4.134s] INFO:colcon.colcon_core.shell:Creating prefix chain script '/home/jedld/ros2_foxy/src/raspbot_ros2/install/setup.bash'
[4.151s] INFO:colcon.colcon_core.shell:Creating prefix script '/home/jedld/ros2_foxy/src/raspbot_ros2/install/local_setup.zsh'
[4.153s] INFO:colcon.colcon_core.shell:Creating prefix chain script '/home/jedld/ros2_foxy/src/raspbot_ros2/install/setup.zsh'
