running egg_info
writing ../build/raspbot_hw/raspbot_hw.egg-info/PKG-INFO
writing dependency_links to ../build/raspbot_hw/raspbot_hw.egg-info/dependency_links.txt
writing entry points to ../build/raspbot_hw/raspbot_hw.egg-info/entry_points.txt
writing requirements to ../build/raspbot_hw/raspbot_hw.egg-info/requires.txt
writing top-level names to ../build/raspbot_hw/raspbot_hw.egg-info/top_level.txt
reading manifest file '../build/raspbot_hw/raspbot_hw.egg-info/SOURCES.txt'
writing manifest file '../build/raspbot_hw/raspbot_hw.egg-info/SOURCES.txt'
running build
running build_py
running install
running install_lib
running install_data
copying config/raspbot_hw.yaml -> /home/jedld/ros2_foxy/src/raspbot_ros2/install/raspbot_hw/share/raspbot_hw/config
running install_egg_info
removing '/home/jedld/ros2_foxy/src/raspbot_ros2/install/raspbot_hw/lib/python3.12/site-packages/raspbot_hw-0.1.0-py3.12.egg-info' (and everything under it)
Copying ../build/raspbot_hw/raspbot_hw.egg-info to /home/jedld/ros2_foxy/src/raspbot_ros2/install/raspbot_hw/lib/python3.12/site-packages/raspbot_hw-0.1.0-py3.12.egg-info
running install_scripts
Installing camera_gimbal script to /home/jedld/ros2_foxy/src/raspbot_ros2/install/raspbot_hw/lib/raspbot_hw
Installing gpio_sensors script to /home/jedld/ros2_foxy/src/raspbot_ros2/install/raspbot_hw/lib/raspbot_hw
Installing imu_serial script to /home/jedld/ros2_foxy/src/raspbot_ros2/install/raspbot_hw/lib/raspbot_hw
Installing lightbar script to /home/jedld/ros2_foxy/src/raspbot_ros2/install/raspbot_hw/lib/raspbot_hw
Installing motor_driver script to /home/jedld/ros2_foxy/src/raspbot_ros2/install/raspbot_hw/lib/raspbot_hw
Installing motor_id_test script to /home/jedld/ros2_foxy/src/raspbot_ros2/install/raspbot_hw/lib/raspbot_hw
Installing oled script to /home/jedld/ros2_foxy/src/raspbot_ros2/install/raspbot_hw/lib/raspbot_hw
Installing opencv_camera script to /home/jedld/ros2_foxy/src/raspbot_ros2/install/raspbot_hw/lib/raspbot_hw
Installing pi_camera script to /home/jedld/ros2_foxy/src/raspbot_ros2/install/raspbot_hw/lib/raspbot_hw
Installing ultrasonic script to /home/jedld/ros2_foxy/src/raspbot_ros2/install/raspbot_hw/lib/raspbot_hw
writing list of installed files to '/home/jedld/ros2_foxy/src/raspbot_ros2/build/raspbot_hw/install.log'
