[9.866s] Invoking command in '/home/jedld/ros2_foxy/src/raspbot_ros2/raspbot_hw': PYTHONPATH=/home/jedld/ros2_foxy/src/raspbot_ros2/build/raspbot_hw/prefix_override:/usr/lib/python3/dist-packages/colcon_core/task/python/colcon_distutils_commands:/home/jedld/ros2_foxy/src/raspbot_ros2/install/raspbot_hw/lib/python3.12/site-packages:${PYTHONPATH} /usr/bin/python3 -W ignore:setup.py install is deprecated -W ignore:easy_install command is deprecated setup.py egg_info --egg-base ../build/raspbot_hw build --build-base /home/jedld/ros2_foxy/src/raspbot_ros2/build/raspbot_hw/build install --record /home/jedld/ros2_foxy/src/raspbot_ros2/build/raspbot_hw/install.log --single-version-externally-managed install_data
[10.940s] running egg_info
[11.049s] writing ../build/raspbot_hw/raspbot_hw.egg-info/PKG-INFO
[11.055s] writing dependency_links to ../build/raspbot_hw/raspbot_hw.egg-info/dependency_links.txt
[11.058s] writing entry points to ../build/raspbot_hw/raspbot_hw.egg-info/entry_points.txt
[11.058s] writing requirements to ../build/raspbot_hw/raspbot_hw.egg-info/requires.txt
[11.058s] writing top-level names to ../build/raspbot_hw/raspbot_hw.egg-info/top_level.txt
[11.158s] reading manifest file '../build/raspbot_hw/raspbot_hw.egg-info/SOURCES.txt'
[11.166s] writing manifest file '../build/raspbot_hw/raspbot_hw.egg-info/SOURCES.txt'
[11.167s] running build
[11.167s] running build_py
[11.170s] running install
[11.189s] running install_lib
[11.288s] running install_data
[11.292s] copying config/raspbot_hw.yaml -> /home/jedld/ros2_foxy/src/raspbot_ros2/install/raspbot_hw/share/raspbot_hw/config
[11.295s] running install_egg_info
[11.400s] removing '/home/jedld/ros2_foxy/src/raspbot_ros2/install/raspbot_hw/lib/python3.12/site-packages/raspbot_hw-0.1.0-py3.12.egg-info' (and everything under it)
[11.407s] Copying ../build/raspbot_hw/raspbot_hw.egg-info to /home/jedld/ros2_foxy/src/raspbot_ros2/install/raspbot_hw/lib/python3.12/site-packages/raspbot_hw-0.1.0-py3.12.egg-info
[11.412s] running install_scripts
[11.854s] Installing camera_gimbal script to /home/jedld/ros2_foxy/src/raspbot_ros2/install/raspbot_hw/lib/raspbot_hw
[11.854s] Installing gpio_sensors script to /home/jedld/ros2_foxy/src/raspbot_ros2/install/raspbot_hw/lib/raspbot_hw
[11.858s] Installing imu_serial script to /home/jedld/ros2_foxy/src/raspbot_ros2/install/raspbot_hw/lib/raspbot_hw
[11.868s] Installing lightbar script to /home/jedld/ros2_foxy/src/raspbot_ros2/install/raspbot_hw/lib/raspbot_hw
[11.869s] Installing motor_driver script to /home/jedld/ros2_foxy/src/raspbot_ros2/install/raspbot_hw/lib/raspbot_hw
[11.869s] Installing motor_id_test script to /home/jedld/ros2_foxy/src/raspbot_ros2/install/raspbot_hw/lib/raspbot_hw
[11.869s] Installing oled script to /home/jedld/ros2_foxy/src/raspbot_ros2/install/raspbot_hw/lib/raspbot_hw
[11.869s] Installing opencv_camera script to /home/jedld/ros2_foxy/src/raspbot_ros2/install/raspbot_hw/lib/raspbot_hw
[11.869s] Installing pi_camera script to /home/jedld/ros2_foxy/src/raspbot_ros2/install/raspbot_hw/lib/raspbot_hw
[11.873s] Installing ultrasonic script to /home/jedld/ros2_foxy/src/raspbot_ros2/install/raspbot_hw/lib/raspbot_hw
[11.879s] writing list of installed files to '/home/jedld/ros2_foxy/src/raspbot_ros2/build/raspbot_hw/install.log'
[12.084s] Invoked command in '/home/jedld/ros2_foxy/src/raspbot_ros2/raspbot_hw' returned '0': PYTHONPATH=/home/jedld/ros2_foxy/src/raspbot_ros2/build/raspbot_hw/prefix_override:/usr/lib/python3/dist-packages/colcon_core/task/python/colcon_distutils_commands:/home/jedld/ros2_foxy/src/raspbot_ros2/install/raspbot_hw/lib/python3.12/site-packages:${PYTHONPATH} /usr/bin/python3 -W ignore:setup.py install is deprecated -W ignore:easy_install command is deprecated setup.py egg_info --egg-base ../build/raspbot_hw build --build-base /home/jedld/ros2_foxy/src/raspbot_ros2/build/raspbot_hw/build install --record /home/jedld/ros2_foxy/src/raspbot_ros2/build/raspbot_hw/install.log --single-version-externally-managed install_data
