running egg_info
writing ../build/raspbot_web_video/raspbot_web_video.egg-info/PKG-INFO
writing dependency_links to ../build/raspbot_web_video/raspbot_web_video.egg-info/dependency_links.txt
writing entry points to ../build/raspbot_web_video/raspbot_web_video.egg-info/entry_points.txt
writing requirements to ../build/raspbot_web_video/raspbot_web_video.egg-info/requires.txt
writing top-level names to ../build/raspbot_web_video/raspbot_web_video.egg-info/top_level.txt
reading manifest file '../build/raspbot_web_video/raspbot_web_video.egg-info/SOURCES.txt'
writing manifest file '../build/raspbot_web_video/raspbot_web_video.egg-info/SOURCES.txt'
running build
running build_py
copying raspbot_web_video/web_video_server.py -> /home/jedld/ros2_foxy/src/raspbot_ros2/build/raspbot_web_video/build/lib/raspbot_web_video
running install
running install_lib
copying /home/jedld/ros2_foxy/src/raspbot_ros2/build/raspbot_web_video/build/lib/raspbot_web_video/web_video_server.py -> /home/jedld/ros2_foxy/src/raspbot_ros2/install/raspbot_web_video/lib/python3.12/site-packages/raspbot_web_video
byte-compiling /home/jedld/ros2_foxy/src/raspbot_ros2/install/raspbot_web_video/lib/python3.12/site-packages/raspbot_web_video/web_video_server.py to web_video_server.cpython-312.pyc
running install_data
running install_egg_info
removing '/home/jedld/ros2_foxy/src/raspbot_ros2/install/raspbot_web_video/lib/python3.12/site-packages/raspbot_web_video-0.1.0-py3.12.egg-info' (and everything under it)
Copying ../build/raspbot_web_video/raspbot_web_video.egg-info to /home/jedld/ros2_foxy/src/raspbot_ros2/install/raspbot_web_video/lib/python3.12/site-packages/raspbot_web_video-0.1.0-py3.12.egg-info
running install_scripts
Installing web_video script to /home/jedld/ros2_foxy/src/raspbot_ros2/install/raspbot_web_video/lib/raspbot_web_video
writing list of installed files to '/home/jedld/ros2_foxy/src/raspbot_ros2/build/raspbot_web_video/install.log'
